#
# There is insufficient memory for the Java Runtime Environment to continue.
# Native memory allocation (malloc) failed to allocate 1063056 bytes for Chunk::new
# Possible reasons:
#   The system is out of physical RAM or swap space
#   In 32 bit mode, the process size limit was hit
# Possible solutions:
#   Reduce memory load on the system
#   Increase physical memory or swap space
#   Check if swap backing store is full
#   Use 64 bit Java on a 64 bit OS
#   Decrease Java heap size (-Xmx/-Xms)
#   Decrease number of Java threads
#   Decrease Java thread stack sizes (-Xss)
#   Set larger code cache with -XX:ReservedCodeCacheSize=
# This output file may be truncated or incomplete.
#
#  Out of Memory Error (allocation.cpp:390), pid=10740, tid=12988
#
# JRE version: Java(TM) SE Runtime Environment (8.0_31-b13) (build 1.8.0_31-b13)
# Java VM: Java HotSpot(TM) 64-Bit Server VM (25.31-b07 mixed mode windows-amd64 compressed oops)
# Failed to write core dump. Minidumps are not enabled by default on client versions of Windows
#

---------------  T H R E A D  ---------------

Current thread (0x0000000055b75800):  JavaThread "C2 CompilerThread0" daemon [_thread_in_native, id=12988, stack(0x00000000572a0000,0x00000000573a0000)]

Stack: [0x00000000572a0000,0x00000000573a0000]
Native frames: (J=compiled Java code, j=interpreted, Vv=VM code, C=native code)
V  [jvm.dll+0x3169ba]


Current CompileTask:
C2:  11202 1999   !   4       com.android.dx.cf.code.RopperMachine::run (1550 bytes)


---------------  P R O C E S S  ---------------

Java Threads: ( => current thread )
  0x00000000577be000 JavaThread "pool-1-thread-4" [_thread_blocked, id=6120, stack(0x0000000058b80000,0x0000000058c80000)]
  0x00000000577ba000 JavaThread "pool-1-thread-3" [_thread_in_Java, id=14216, stack(0x0000000058970000,0x0000000058a70000)]
  0x00000000577ff000 JavaThread "pool-1-thread-2" [_thread_blocked, id=12312, stack(0x0000000057ac0000,0x0000000057bc0000)]
  0x00000000577fe800 JavaThread "pool-2-thread-1" [_thread_blocked, id=13772, stack(0x0000000058790000,0x0000000058890000)]
  0x00000000577fe000 JavaThread "pool-1-thread-1" [_thread_blocked, id=12300, stack(0x0000000058640000,0x0000000058740000)]
  0x000000005758c800 JavaThread "Service Thread" daemon [_thread_blocked, id=10176, stack(0x0000000057c40000,0x0000000057d40000)]
  0x0000000057574800 JavaThread "C1 CompilerThread2" daemon [_thread_in_native, id=13720, stack(0x00000000579c0000,0x0000000057ac0000)]
  0x0000000055b79800 JavaThread "C2 CompilerThread1" daemon [_thread_in_native, id=14104, stack(0x0000000057430000,0x0000000057530000)]
=>0x0000000055b75800 JavaThread "C2 CompilerThread0" daemon [_thread_in_native, id=12988, stack(0x00000000572a0000,0x00000000573a0000)]
  0x0000000055b72000 JavaThread "Attach Listener" daemon [_thread_blocked, id=5252, stack(0x0000000056fa0000,0x00000000570a0000)]
  0x0000000055b70800 JavaThread "Signal Dispatcher" daemon [_thread_blocked, id=9852, stack(0x00000000570a0000,0x00000000571a0000)]
  0x0000000055b14800 JavaThread "Finalizer" daemon [_thread_blocked, id=11260, stack(0x0000000056d60000,0x0000000056e60000)]
  0x0000000055b0b800 JavaThread "Reference Handler" daemon [_thread_blocked, id=9632, stack(0x0000000056ea0000,0x0000000056fa0000)]
  0x0000000002f0e800 JavaThread "main" [_thread_blocked, id=13816, stack(0x0000000003020000,0x0000000003120000)]

Other Threads:
  0x0000000055b08000 VMThread [stack: 0x0000000056bb0000,0x0000000056cb0000] [id=11124]
  0x000000005758d800 WatcherThread [stack: 0x0000000057d40000,0x0000000057e40000] [id=10460]

VM state:not at safepoint (normal execution)

VM Mutex/Monitor currently owned by a thread: None

Heap:
 PSYoungGen      total 68608K, used 34902K [0x00000000eab00000, 0x00000000ef300000, 0x0000000100000000)
  eden space 63488K, 46% used [0x00000000eab00000,0x00000000ec815ac8,0x00000000ee900000)
  from space 5120K, 99% used [0x00000000ee900000,0x00000000eedfff70,0x00000000eee00000)
  to   space 5120K, 0% used [0x00000000eee00000,0x00000000eee00000,0x00000000ef300000)
 ParOldGen       total 84992K, used 11568K [0x00000000c0000000, 0x00000000c5300000, 0x00000000eab00000)
  object space 84992K, 13% used [0x00000000c0000000,0x00000000c0b4c090,0x00000000c5300000)
 Metaspace       used 6243K, capacity 7152K, committed 7296K, reserved 1056768K
  class space    used 594K, capacity 616K, committed 640K, reserved 1048576K

Card table byte_map: [0x00000000127b0000,0x00000000129c0000] byte_map_base: 0x00000000121b0000

Marking Bits: (ParMarkBitMap*) 0x00000000701ad4f0
 Begin Bits: [0x0000000012f80000, 0x0000000013f80000)
 End Bits:   [0x0000000013f80000, 0x0000000014f80000)

Polling page: 0x0000000000400000

CodeCache: size=245760Kb used=9196Kb max_used=9203Kb free=236563Kb
 bounds [0x00000000033f0000, 0x0000000003d00000, 0x00000000123f0000]
 total_blobs=2244 nmethods=1979 adapters=178
 compilation: enabled

Compilation events (10 events):
Event: 11.054 Thread 0x0000000055b75800 nmethod 1987 0x0000000003cc20d0 code [0x0000000003cc2220, 0x0000000003cc23a8]
Event: 11.055 Thread 0x0000000055b75800 1996       4       java.util.TreeMap::get (19 bytes)
Event: 11.057 Thread 0x0000000055b75800 nmethod 1996 0x0000000003ca19d0 code [0x0000000003ca1b20, 0x0000000003ca1c58]
Event: 11.086 Thread 0x0000000057574800 1998       3       com.android.dx.rop.code.Rop::<init> (15 bytes)
Event: 11.086 Thread 0x0000000055b75800 1997       4       com.android.dx.ssa.back.FirstFitLocalCombiningAllocator::tryMapRegs (110 bytes)
Event: 11.086 Thread 0x0000000057574800 nmethod 1998 0x0000000003cb7590 code [0x0000000003cb7700, 0x0000000003cb78a8]
Event: 11.117 Thread 0x0000000055b75800 nmethod 1997 0x0000000003cc4c10 code [0x0000000003cc4e00, 0x0000000003cc5dd8]
Event: 11.133 Thread 0x0000000055b75800 1999   !   4       com.android.dx.cf.code.RopperMachine::run (1550 bytes)
Event: 11.167 Thread 0x0000000057574800 2000       1       java.util.concurrent.locks.AbstractQueuedSynchronizer::compareAndSetWaitStatus (13 bytes)
Event: 11.167 Thread 0x0000000057574800 nmethod 2000 0x0000000003cb72d0 code [0x0000000003cb7420, 0x0000000003cb7530]

GC Heap History (6 events):
Event: 2.125 GC heap before
{Heap before GC invocations=1 (full 0):
 PSYoungGen      total 36864K, used 31744K [0x00000000eab00000, 0x00000000ed400000, 0x0000000100000000)
  eden space 31744K, 100% used [0x00000000eab00000,0x00000000eca00000,0x00000000eca00000)
  from space 5120K, 0% used [0x00000000ecf00000,0x00000000ecf00000,0x00000000ed400000)
  to   space 5120K, 0% used [0x00000000eca00000,0x00000000eca00000,0x00000000ecf00000)
 ParOldGen       total 84992K, used 0K [0x00000000c0000000, 0x00000000c5300000, 0x00000000eab00000)
  object space 84992K, 0% used [0x00000000c0000000,0x00000000c0000000,0x00000000c5300000)
 Metaspace       used 5866K, capacity 6832K, committed 7040K, reserved 1056768K
  class space    used 590K, capacity 616K, committed 640K, reserved 1048576K
Event: 2.538 GC heap after
Heap after GC invocations=1 (full 0):
 PSYoungGen      total 36864K, used 4649K [0x00000000eab00000, 0x00000000ef300000, 0x0000000100000000)
  eden space 31744K, 0% used [0x00000000eab00000,0x00000000eab00000,0x00000000eca00000)
  from space 5120K, 90% used [0x00000000eca00000,0x00000000ece8a790,0x00000000ecf00000)
  to   space 5120K, 0% used [0x00000000eee00000,0x00000000eee00000,0x00000000ef300000)
 ParOldGen       total 84992K, used 0K [0x00000000c0000000, 0x00000000c5300000, 0x00000000eab00000)
  object space 84992K, 0% used [0x00000000c0000000,0x00000000c0000000,0x00000000c5300000)
 Metaspace       used 5866K, capacity 6832K, committed 7040K, reserved 1056768K
  class space    used 590K, capacity 616K, committed 640K, reserved 1048576K
}
Event: 4.000 GC heap before
{Heap before GC invocations=2 (full 0):
 PSYoungGen      total 36864K, used 36393K [0x00000000eab00000, 0x00000000ef300000, 0x0000000100000000)
  eden space 31744K, 100% used [0x00000000eab00000,0x00000000eca00000,0x00000000eca00000)
  from space 5120K, 90% used [0x00000000eca00000,0x00000000ece8a790,0x00000000ecf00000)
  to   space 5120K, 0% used [0x00000000eee00000,0x00000000eee00000,0x00000000ef300000)
 ParOldGen       total 84992K, used 0K [0x00000000c0000000, 0x00000000c5300000, 0x00000000eab00000)
  object space 84992K, 0% used [0x00000000c0000000,0x00000000c0000000,0x00000000c5300000)
 Metaspace       used 6115K, capacity 7024K, committed 7296K, reserved 1056768K
  class space    used 592K, capacity 616K, committed 640K, reserved 1048576K
Event: 4.164 GC heap after
Heap after GC invocations=2 (full 0):
 PSYoungGen      total 68608K, used 5110K [0x00000000eab00000, 0x00000000ef300000, 0x0000000100000000)
  eden space 63488K, 0% used [0x00000000eab00000,0x00000000eab00000,0x00000000ee900000)
  from space 5120K, 99% used [0x00000000eee00000,0x00000000ef2fd990,0x00000000ef300000)
  to   space 5120K, 0% used [0x00000000ee900000,0x00000000ee900000,0x00000000eee00000)
 ParOldGen       total 84992K, used 2085K [0x00000000c0000000, 0x00000000c5300000, 0x00000000eab00000)
  object space 84992K, 2% used [0x00000000c0000000,0x00000000c02097a8,0x00000000c5300000)
 Metaspace       used 6115K, capacity 7024K, committed 7296K, reserved 1056768K
  class space    used 592K, capacity 616K, committed 640K, reserved 1048576K
}
Event: 8.915 GC heap before
{Heap before GC invocations=3 (full 0):
 PSYoungGen      total 68608K, used 68598K [0x00000000eab00000, 0x00000000ef300000, 0x0000000100000000)
  eden space 63488K, 100% used [0x00000000eab00000,0x00000000ee900000,0x00000000ee900000)
  from space 5120K, 99% used [0x00000000eee00000,0x00000000ef2fd990,0x00000000ef300000)
  to   space 5120K, 0% used [0x00000000ee900000,0x00000000ee900000,0x00000000eee00000)
 ParOldGen       total 84992K, used 2085K [0x00000000c0000000, 0x00000000c5300000, 0x00000000eab00000)
  object space 84992K, 2% used [0x00000000c0000000,0x00000000c02097a8,0x00000000c5300000)
 Metaspace       used 6202K, capacity 7088K, committed 7296K, reserved 1056768K
  class space    used 594K, capacity 616K, committed 640K, reserved 1048576K
Event: 9.013 GC heap after
Heap after GC invocations=3 (full 0):
 PSYoungGen      total 68608K, used 5119K [0x00000000eab00000, 0x00000000ef300000, 0x0000000100000000)
  eden space 63488K, 0% used [0x00000000eab00000,0x00000000eab00000,0x00000000ee900000)
  from space 5120K, 99% used [0x00000000ee900000,0x00000000eedfff70,0x00000000eee00000)
  to   space 5120K, 0% used [0x00000000eee00000,0x00000000eee00000,0x00000000ef300000)
 ParOldGen       total 84992K, used 11568K [0x00000000c0000000, 0x00000000c5300000, 0x00000000eab00000)
  object space 84992K, 13% used [0x00000000c0000000,0x00000000c0b4c090,0x00000000c5300000)
 Metaspace       used 6202K, capacity 7088K, committed 7296K, reserved 1056768K
  class space    used 594K, capacity 616K, committed 640K, reserved 1048576K
}

Deoptimization events (10 events):
Event: 6.812 Thread 0x00000000577be000 Uncommon trap: reason=bimorphic action=maybe_recompile pc=0x0000000003642300 method=java.util.HashMap.getNode(ILjava/lang/Object;)Ljava/util/HashMap$Node; @ 126
Event: 7.199 Thread 0x00000000577be000 Uncommon trap: reason=unreached action=reinterpret pc=0x000000000396ac40 method=com.android.dx.ssa.SCCP.simulateBranch(Lcom/android/dx/ssa/SsaInsn;)V @ 132
Event: 7.199 Thread 0x00000000577be000 Uncommon trap: reason=unloaded action=reinterpret pc=0x00000000039cadbc method=com.android.dx.ssa.LiteralOpUpgrader$1.visitNonMoveInsn(Lcom/android/dx/ssa/NormalSsaInsn;)V @ 72
Event: 7.200 Thread 0x00000000577be000 Uncommon trap: reason=unreached action=reinterpret pc=0x000000000386948c method=com.android.dx.ssa.SsaMethod.updateOneDefinition(Lcom/android/dx/ssa/SsaInsn;Lcom/android/dx/rop/code/RegisterSpec;)V @ 4
Event: 10.855 Thread 0x00000000577ff000 Uncommon trap: reason=bimorphic action=maybe_recompile pc=0x0000000003b347a0 method=com.android.dx.cf.code.BytecodeArray.parseInstruction(ILcom/android/dx/cf/code/BytecodeArray$Visitor;)I @ 1130
Event: 10.856 Thread 0x00000000577ff000 Uncommon trap: reason=bimorphic action=maybe_recompile pc=0x0000000003b347a0 method=com.android.dx.cf.code.BytecodeArray.parseInstruction(ILcom/android/dx/cf/code/BytecodeArray$Visitor;)I @ 1130
Event: 10.858 Thread 0x00000000577ff000 Uncommon trap: reason=bimorphic action=maybe_recompile pc=0x0000000003c8e6c0 method=com.android.dx.cf.code.RopperMachine.run(Lcom/android/dx/cf/code/Frame;II)V @ 978
Event: 11.077 Thread 0x00000000577ff000 Uncommon trap: reason=bimorphic action=maybe_recompile pc=0x0000000003c8e6c0 method=com.android.dx.cf.code.RopperMachine.run(Lcom/android/dx/cf/code/Frame;II)V @ 978
Event: 11.078 Thread 0x00000000577ff000 Uncommon trap: reason=bimorphic action=maybe_recompile pc=0x0000000003c8e6c0 method=com.android.dx.cf.code.RopperMachine.run(Lcom/android/dx/cf/code/Frame;II)V @ 978
Event: 11.080 Thread 0x00000000577ff000 Uncommon trap: reason=bimorphic action=maybe_recompile pc=0x0000000003c8e6c0 method=com.android.dx.cf.code.RopperMachine.run(Lcom/android/dx/cf/code/Frame;II)V @ 978

Internal exceptions (10 events):
Event: 1.523 Thread 0x00000000577fe000 Exception <a 'java/security/PrivilegedActionException'> (0x00000000ec6d5280) thrown at [C:\workspace\8-2-build-windows-amd64-cygwin\jdk8u31\2394\hotspot\src\share\vm\prims\jvm.cpp, line 1312]
Event: 1.533 Thread 0x0000000002f0e800 Exception <a 'java/security/PrivilegedActionException'> (0x00000000ec59f6e8) thrown at [C:\workspace\8-2-build-windows-amd64-cygwin\jdk8u31\2394\hotspot\src\share\vm\prims\jvm.cpp, line 1312]
Event: 1.534 Thread 0x0000000002f0e800 Exception <a 'java/security/PrivilegedActionException'> (0x00000000ec5a1df0) thrown at [C:\workspace\8-2-build-windows-amd64-cygwin\jdk8u31\2394\hotspot\src\share\vm\prims\jvm.cpp, line 1312]
Event: 2.114 Thread 0x00000000577fe000 Exception <a 'java/security/PrivilegedActionException'> (0x00000000ec965618) thrown at [C:\workspace\8-2-build-windows-amd64-cygwin\jdk8u31\2394\hotspot\src\share\vm\prims\jvm.cpp, line 1312]
Event: 2.903 Thread 0x00000000577ff000 Implicit null exception at 0x000000000370c052 to 0x000000000370c155
Event: 2.994 Thread 0x00000000577fe000 Implicit null exception at 0x0000000003677ccd to 0x000000000367a125
Event: 3.441 Thread 0x00000000577ba000 Exception <a 'java/security/PrivilegedActionException'> (0x00000000ebd99f70) thrown at [C:\workspace\8-2-build-windows-amd64-cygwin\jdk8u31\2394\hotspot\src\share\vm\prims\jvm.cpp, line 1312]
Event: 4.377 Thread 0x00000000577ff000 Exception <a 'java/security/PrivilegedActionException'> (0x00000000eb0c8e98) thrown at [C:\workspace\8-2-build-windows-amd64-cygwin\jdk8u31\2394\hotspot\src\share\vm\prims\jvm.cpp, line 1312]
Event: 7.110 Thread 0x0000000002f0e800 Exception <a 'java/security/PrivilegedActionException'> (0x00000000ed2b2788) thrown at [C:\workspace\8-2-build-windows-amd64-cygwin\jdk8u31\2394\hotspot\src\share\vm\prims\jvm.cpp, line 1312]
Event: 7.199 Thread 0x00000000577be000 Exception <a 'java/security/PrivilegedActionException'> (0x00000000ed7d2368) thrown at [C:\workspace\8-2-build-windows-amd64-cygwin\jdk8u31\2394\hotspot\src\share\vm\prims\jvm.cpp, line 1312]

Events (10 events):
Event: 10.858 Thread 0x00000000577ff000 DEOPT UNPACKING pc=0x000000000343556a sp=0x0000000057bbe728 mode 2
Event: 11.077 Thread 0x00000000577ff000 Uncommon trap: trap_request=0xffffffc6 fr.pc=0x0000000003c8e6c0
Event: 11.077 Thread 0x00000000577ff000 DEOPT PACKING pc=0x0000000003c8e6c0 sp=0x0000000057bbe7d0
Event: 11.077 Thread 0x00000000577ff000 DEOPT UNPACKING pc=0x000000000343556a sp=0x0000000057bbe768 mode 2
Event: 11.078 Thread 0x00000000577ff000 Uncommon trap: trap_request=0xffffffc6 fr.pc=0x0000000003c8e6c0
Event: 11.078 Thread 0x00000000577ff000 DEOPT PACKING pc=0x0000000003c8e6c0 sp=0x0000000057bbe7d0
Event: 11.078 Thread 0x00000000577ff000 DEOPT UNPACKING pc=0x000000000343556a sp=0x0000000057bbe768 mode 2
Event: 11.080 Thread 0x00000000577ff000 Uncommon trap: trap_request=0xffffffc6 fr.pc=0x0000000003c8e6c0
Event: 11.080 Thread 0x00000000577ff000 DEOPT PACKING pc=0x0000000003c8e6c0 sp=0x0000000057bbe7d0
Event: 11.080 Thread 0x00000000577ff000 DEOPT UNPACKING pc=0x000000000343556a sp=0x0000000057bbe768 mode 2


Dynamic libraries:
0x000000013fba0000 - 0x000000013fbd4000 	C:\Program Files\Java\jdk1.8.0_31\bin\java.exe
0x0000000076e70000 - 0x000000007701a000 	C:\Windows\SYSTEM32\ntdll.dll
0x0000000076d50000 - 0x0000000076e6f000 	C:\Windows\system32\kernel32.dll
0x000007fefcee0000 - 0x000007fefcf4a000 	C:\Windows\system32\KERNELBASE.dll
0x000007fefe750000 - 0x000007fefe82b000 	C:\Windows\system32\ADVAPI32.dll
0x000007fefe180000 - 0x000007fefe21f000 	C:\Windows\system32\msvcrt.dll
0x000007fefe5c0000 - 0x000007fefe5df000 	C:\Windows\SYSTEM32\sechost.dll
0x000007fefee40000 - 0x000007fefef6d000 	C:\Windows\system32\RPCRT4.dll
0x0000000076c50000 - 0x0000000076d4a000 	C:\Windows\system32\USER32.dll
0x000007fefeb10000 - 0x000007fefeb77000 	C:\Windows\system32\GDI32.dll
0x000007fefe660000 - 0x000007fefe66e000 	C:\Windows\system32\LPK.dll
0x000007fefeb80000 - 0x000007fefec4a000 	C:\Windows\system32\USP10.dll
0x000007fefb370000 - 0x000007fefb564000 	C:\Windows\WinSxS\amd64_microsoft.windows.common-controls_6595b64144ccf1df_6.0.7601.18837_none_fa3b1e3d17594757\COMCTL32.dll
0x000007fefe5e0000 - 0x000007fefe651000 	C:\Windows\system32\SHLWAPI.dll
0x000007fefdcf0000 - 0x000007fefdd1e000 	C:\Windows\system32\IMM32.DLL
0x000007fefdd20000 - 0x000007fefde29000 	C:\Windows\system32\MSCTF.dll
0x000007fefcaf0000 - 0x000007fefcb07000 	C:\Windows\system32\AMINIT64.DLL
0x000007fee3950000 - 0x000007fee3ed7000 	C:\Program Files\McAfee\DLP\Agent\fcagpph64.dll
0x000007fef9200000 - 0x000007fef9271000 	C:\Windows\system32\WINSPOOL.DRV
0x000007fefcf60000 - 0x000007fefdce9000 	C:\Windows\system32\SHELL32.dll
0x000007fefef70000 - 0x000007feff173000 	C:\Windows\system32\ole32.dll
0x000007fefe670000 - 0x000007fefe74a000 	C:\Windows\system32\OLEAUT32.dll
0x0000000077040000 - 0x0000000077047000 	C:\Windows\system32\PSAPI.DLL
0x000007fefba20000 - 0x000007fefba2c000 	C:\Windows\system32\VERSION.dll
0x000007fee22b0000 - 0x000007fee27f6000 	C:\Program Files\McAfee\DLP\Agent\fcagcbh64.dll
0x0000000077da0000 - 0x0000000077e72000 	C:\Program Files\Java\jdk1.8.0_31\jre\bin\msvcr100.dll
0x000000006f9d0000 - 0x000000007022a000 	C:\Program Files\Java\jdk1.8.0_31\jre\bin\server\jvm.dll
0x000007fef7b20000 - 0x000007fef7b29000 	C:\Windows\system32\WSOCK32.dll
0x0000000002070000 - 0x00000000020bd000 	C:\Windows\system32\WS2_32.dll
0x000007fefe590000 - 0x000007fefe598000 	C:\Windows\system32\NSI.dll
0x000007fefb330000 - 0x000007fefb36b000 	C:\Windows\system32\WINMM.dll
0x000000005d8a0000 - 0x000000005d8af000 	C:\Program Files\Java\jdk1.8.0_31\jre\bin\verify.dll
0x000000005c180000 - 0x000000005c1a8000 	C:\Program Files\Java\jdk1.8.0_31\jre\bin\java.dll
0x000000005d620000 - 0x000000005d636000 	C:\Program Files\Java\jdk1.8.0_31\jre\bin\zip.dll
0x000007fefcbb0000 - 0x000007fefcbbf000 	C:\Windows\system32\profapi.dll

VM Arguments:
jvm_args: -Djava.awt.headless=true -Xmx1024M -Dfile.encoding=windows-1252 -Duser.country=US -Duser.language=en -Duser.variant 
java_command: com.android.dx.command.Main --dex --num-threads=4 --output C:\Users\pomboi\AndroidStudioProjects\Alarm\app\build\intermediates\pre-dexed\debug\com.android.support-support-v4-23.1.1_ee395f92442bbd4c2e585c6fa43ededac9d3568e.jar C:\Users\pomboi\AndroidStudioProjects\Alarm\app\build\intermediates\exploded-aar\com.android.support\support-v4\23.1.1\jars\classes.jar
java_class_path (initial): C:\Users\pomboi\AppData\Local\Android\sdk1\build-tools\23.0.3\lib\dx.jar
Launcher Type: SUN_STANDARD

Environment Variables:
JAVA_HOME=C:\Program Files\Java\jdk1.8.0_31
PATH=C:\Program Files (x86)\Mozilla Firefox;C:\Program Files (x86)\Microsoft Office\Office15\;C:\Program Files\Common Files\Microsoft Shared\Windows Live;C:\Program Files (x86)\Common Files\Microsoft Shared\Windows Live;C:\ProgramData\Oracle\Java\javapath;C:\Windows\system32;C:\Windows;C:\Windows\System32\Wbem;C:\Program Files\Java\jdk1.8.0_65\bin;C:\Program Files (x86)\Windows Live\Shared;C:\Program Files (x86)\Google\Drive C:\Windows\system32;C:\Windows;C:\Windows\System32\Wbem;C:\adb;c:\Program Files (x86)\Microsoft SQL Server\100\Tools\Binn\;c:\Program Files\Microsoft SQL Server\100\Tools\Binn\;c:\Program Files\Microsoft SQL Server\100\DTS\Binn\;C:\Program Files (x86)\Google\Drive C:\Windows\system32;C:\Windows;C:\Windows\System32\Wbem
USERNAME=pomboi
OS=Windows_NT
PROCESSOR_IDENTIFIER=Intel64 Family 6 Model 60 Stepping 3, GenuineIntel



---------------  S Y S T E M  ---------------

OS: Windows 7 , 64 bit Build 7601 Service Pack 1

CPU:total 4 (2 cores per cpu, 2 threads per core) family 6 model 60 stepping 3, cmov, cx8, fxsr, mmx, sse, sse2, sse3, ssse3, sse4.1, sse4.2, popcnt, avx, avx2, aes, clmul, erms, lzcnt, ht, tsc, tscinvbit, bmi1, bmi2

Memory: 4k page, physical 8068824k(1121428k free), swap 8066964k(5188k free)

vm_info: Java HotSpot(TM) 64-Bit Server VM (25.31-b07) for windows-amd64 JRE (1.8.0_31-b13), built on Dec 17 2014 21:00:28 by "java_re" with MS VC++ 10.0 (VS2010)

time: Wed Feb 15 22:24:18 2017
elapsed time: 11 seconds (0d 0h 0m 11s)

