#
# There is insufficient memory for the Java Runtime Environment to continue.
# Native memory allocation (malloc) failed to allocate 1789776 bytes for Chunk::new
# Possible reasons:
#   The system is out of physical RAM or swap space
#   In 32 bit mode, the process size limit was hit
# Possible solutions:
#   Reduce memory load on the system
#   Increase physical memory or swap space
#   Check if swap backing store is full
#   Use 64 bit Java on a 64 bit OS
#   Decrease Java heap size (-Xmx/-Xms)
#   Decrease number of Java threads
#   Decrease Java thread stack sizes (-Xss)
#   Set larger code cache with -XX:ReservedCodeCacheSize=
# This output file may be truncated or incomplete.
#
#  Out of Memory Error (allocation.cpp:390), pid=9596, tid=12676
#
# JRE version: Java(TM) SE Runtime Environment (8.0_31-b13) (build 1.8.0_31-b13)
# Java VM: Java HotSpot(TM) 64-Bit Server VM (25.31-b07 mixed mode windows-amd64 compressed oops)
# Failed to write core dump. Minidumps are not enabled by default on client versions of Windows
#

---------------  T H R E A D  ---------------

Current thread (0x0000000055bbd000):  JavaThread "C2 CompilerThread1" daemon [_thread_in_native, id=12676, stack(0x00000000579a0000,0x0000000057aa0000)]

Stack: [0x00000000579a0000,0x0000000057aa0000]
Native frames: (J=compiled Java code, j=interpreted, Vv=VM code, C=native code)
V  [jvm.dll+0x3169ba]


Current CompileTask:
C2:  12033 1982   !   4       com.android.dx.cf.code.BytecodeArray::parseInstruction (2764 bytes)


---------------  P R O C E S S  ---------------

Java Threads: ( => current thread )
  0x00000000577c4800 JavaThread "pool-1-thread-4" [_thread_in_Java, id=10608, stack(0x0000000056d50000,0x0000000056e50000)]
  0x00000000578fd000 JavaThread "pool-1-thread-3" [_thread_blocked, id=10504, stack(0x0000000058b80000,0x0000000058c80000)]
  0x0000000057785000 JavaThread "pool-1-thread-2" [_thread_blocked, id=10924, stack(0x00000000589a0000,0x0000000058aa0000)]
  0x0000000057784000 JavaThread "pool-2-thread-1" [_thread_blocked, id=7232, stack(0x0000000058890000,0x0000000058990000)]
  0x0000000057783800 JavaThread "pool-1-thread-1" [_thread_in_Java, id=14164, stack(0x00000000586f0000,0x00000000587f0000)]
  0x0000000057584000 JavaThread "Service Thread" daemon [_thread_blocked, id=13168, stack(0x0000000057aa0000,0x0000000057ba0000)]
  0x0000000055bbf800 JavaThread "C1 CompilerThread2" daemon [_thread_in_native, id=13284, stack(0x0000000057bd0000,0x0000000057cd0000)]
=>0x0000000055bbd000 JavaThread "C2 CompilerThread1" daemon [_thread_in_native, id=12676, stack(0x00000000579a0000,0x0000000057aa0000)]
  0x0000000055bb5800 JavaThread "C2 CompilerThread0" daemon [_thread_in_native, id=10572, stack(0x0000000057400000,0x0000000057500000)]
  0x0000000055bb2000 JavaThread "Attach Listener" daemon [_thread_blocked, id=11184, stack(0x0000000057230000,0x0000000057330000)]
  0x0000000055bb0800 JavaThread "Signal Dispatcher" daemon [_thread_blocked, id=11384, stack(0x00000000570b0000,0x00000000571b0000)]
  0x0000000055b54800 JavaThread "Finalizer" daemon [_thread_blocked, id=12744, stack(0x0000000056e80000,0x0000000056f80000)]
  0x0000000055b4c000 JavaThread "Reference Handler" daemon [_thread_blocked, id=2708, stack(0x0000000056c40000,0x0000000056d40000)]
  0x0000000002e2e800 JavaThread "main" [_thread_blocked, id=14016, stack(0x0000000002e50000,0x0000000002f50000)]

Other Threads:
  0x0000000055b48800 VMThread [stack: 0x0000000056b40000,0x0000000056c40000] [id=8540]
  0x0000000057585000 WatcherThread [stack: 0x0000000057db0000,0x0000000057eb0000] [id=12696]

VM state:not at safepoint (normal execution)

VM Mutex/Monitor currently owned by a thread: None

Heap:
 PSYoungGen      total 68608K, used 30249K [0x00000000eab00000, 0x00000000f3100000, 0x0000000100000000)
  eden space 63488K, 39% used [0x00000000eab00000,0x00000000ec38b3d8,0x00000000ee900000)
  from space 5120K, 99% used [0x00000000eee00000,0x00000000ef2ff060,0x00000000ef300000)
  to   space 5120K, 0% used [0x00000000ee900000,0x00000000ee900000,0x00000000eee00000)
 ParOldGen       total 84992K, used 22814K [0x00000000c0000000, 0x00000000c5300000, 0x00000000eab00000)
  object space 84992K, 26% used [0x00000000c0000000,0x00000000c1647818,0x00000000c5300000)
 Metaspace       used 6357K, capacity 7192K, committed 7424K, reserved 1056768K
  class space    used 614K, capacity 656K, committed 768K, reserved 1048576K

Card table byte_map: [0x0000000012690000,0x00000000128a0000] byte_map_base: 0x0000000012090000

Marking Bits: (ParMarkBitMap*) 0x00000000701ad4f0
 Begin Bits: [0x0000000012fc0000, 0x0000000013fc0000)
 End Bits:   [0x0000000013fc0000, 0x0000000014fc0000)

Polling page: 0x00000000003e0000

CodeCache: size=245760Kb used=9383Kb max_used=9383Kb free=236376Kb
 bounds [0x00000000032d0000, 0x0000000003c10000, 0x00000000122d0000]
 total_blobs=2260 nmethods=1995 adapters=178
 compilation: enabled

Compilation events (10 events):
Event: 11.870 Thread 0x0000000055bb5800 nmethod 1987 0x0000000003bf4ad0 code [0x0000000003bf4c80, 0x0000000003bf5418]
Event: 11.871 Thread 0x0000000055bb5800 1988       4       com.android.dx.rop.type.Prototype::getParameterFrameTypes (96 bytes)
Event: 11.877 Thread 0x0000000055bb5800 nmethod 1988 0x0000000003bd8d90 code [0x0000000003bd8f00, 0x0000000003bd9218]
Event: 11.895 Thread 0x0000000055bb5800 1990       4       com.android.dx.cf.direct.AttributeListParser::<init> (83 bytes)
Event: 11.899 Thread 0x0000000055bb5800 nmethod 1990 0x0000000003bd84d0 code [0x0000000003bd8640, 0x0000000003bd8998]
Event: 11.905 Thread 0x0000000055bbf800 1991       3       com.android.dx.rop.type.StdTypeList::getWordCount (33 bytes)
Event: 11.905 Thread 0x0000000055bbf800 nmethod 1991 0x0000000003bdd310 code [0x0000000003bdd4a0, 0x0000000003bddad8]
Event: 11.907 Thread 0x0000000055bb5800 1992       4       java.util.TreeMap::values (27 bytes)
Event: 11.908 Thread 0x0000000055bb5800 nmethod 1992 0x0000000003bd9710 code [0x0000000003bd9860, 0x0000000003bd9958]
Event: 11.911 Thread 0x0000000055bb5800 1993       4       com.android.dx.ssa.SsaMethod::makeNewGotoBlock (52 bytes)

GC Heap History (8 events):
Event: 2.497 GC heap before
{Heap before GC invocations=1 (full 0):
 PSYoungGen      total 36864K, used 31744K [0x00000000eab00000, 0x00000000ed400000, 0x0000000100000000)
  eden space 31744K, 100% used [0x00000000eab00000,0x00000000eca00000,0x00000000eca00000)
  from space 5120K, 0% used [0x00000000ecf00000,0x00000000ecf00000,0x00000000ed400000)
  to   space 5120K, 0% used [0x00000000eca00000,0x00000000eca00000,0x00000000ecf00000)
 ParOldGen       total 84992K, used 0K [0x00000000c0000000, 0x00000000c5300000, 0x00000000eab00000)
  object space 84992K, 0% used [0x00000000c0000000,0x00000000c0000000,0x00000000c5300000)
 Metaspace       used 5945K, capacity 6896K, committed 7040K, reserved 1056768K
  class space    used 592K, capacity 616K, committed 640K, reserved 1048576K
Event: 2.742 GC heap after
Heap after GC invocations=1 (full 0):
 PSYoungGen      total 36864K, used 5093K [0x00000000eab00000, 0x00000000ef300000, 0x0000000100000000)
  eden space 31744K, 0% used [0x00000000eab00000,0x00000000eab00000,0x00000000eca00000)
  from space 5120K, 99% used [0x00000000eca00000,0x00000000ecef94a8,0x00000000ecf00000)
  to   space 5120K, 0% used [0x00000000eee00000,0x00000000eee00000,0x00000000ef300000)
 ParOldGen       total 84992K, used 424K [0x00000000c0000000, 0x00000000c5300000, 0x00000000eab00000)
  object space 84992K, 0% used [0x00000000c0000000,0x00000000c006a0a8,0x00000000c5300000)
 Metaspace       used 5945K, capacity 6896K, committed 7040K, reserved 1056768K
  class space    used 592K, capacity 616K, committed 640K, reserved 1048576K
}
Event: 5.781 GC heap before
{Heap before GC invocations=2 (full 0):
 PSYoungGen      total 36864K, used 36837K [0x00000000eab00000, 0x00000000ef300000, 0x0000000100000000)
  eden space 31744K, 100% used [0x00000000eab00000,0x00000000eca00000,0x00000000eca00000)
  from space 5120K, 99% used [0x00000000eca00000,0x00000000ecef94a8,0x00000000ecf00000)
  to   space 5120K, 0% used [0x00000000eee00000,0x00000000eee00000,0x00000000ef300000)
 ParOldGen       total 84992K, used 424K [0x00000000c0000000, 0x00000000c5300000, 0x00000000eab00000)
  object space 84992K, 0% used [0x00000000c0000000,0x00000000c006a0a8,0x00000000c5300000)
 Metaspace       used 6124K, capacity 7088K, committed 7296K, reserved 1056768K
  class space    used 592K, capacity 616K, committed 640K, reserved 1048576K
Event: 5.906 GC heap after
Heap after GC invocations=2 (full 0):
 PSYoungGen      total 68608K, used 5101K [0x00000000eab00000, 0x00000000ef300000, 0x0000000100000000)
  eden space 63488K, 0% used [0x00000000eab00000,0x00000000eab00000,0x00000000ee900000)
  from space 5120K, 99% used [0x00000000eee00000,0x00000000ef2fb4a0,0x00000000ef300000)
  to   space 5120K, 0% used [0x00000000ee900000,0x00000000ee900000,0x00000000eee00000)
 ParOldGen       total 84992K, used 3786K [0x00000000c0000000, 0x00000000c5300000, 0x00000000eab00000)
  object space 84992K, 4% used [0x00000000c0000000,0x00000000c03b2a38,0x00000000c5300000)
 Metaspace       used 6124K, capacity 7088K, committed 7296K, reserved 1056768K
  class space    used 592K, capacity 616K, committed 640K, reserved 1048576K
}
Event: 10.018 GC heap before
{Heap before GC invocations=3 (full 0):
 PSYoungGen      total 68608K, used 68589K [0x00000000eab00000, 0x00000000ef300000, 0x0000000100000000)
  eden space 63488K, 100% used [0x00000000eab00000,0x00000000ee900000,0x00000000ee900000)
  from space 5120K, 99% used [0x00000000eee00000,0x00000000ef2fb4a0,0x00000000ef300000)
  to   space 5120K, 0% used [0x00000000ee900000,0x00000000ee900000,0x00000000eee00000)
 ParOldGen       total 84992K, used 3786K [0x00000000c0000000, 0x00000000c5300000, 0x00000000eab00000)
  object space 84992K, 4% used [0x00000000c0000000,0x00000000c03b2a38,0x00000000c5300000)
 Metaspace       used 6224K, capacity 7152K, committed 7296K, reserved 1056768K
  class space    used 593K, capacity 616K, committed 640K, reserved 1048576K
Event: 10.221 GC heap after
Heap after GC invocations=3 (full 0):
 PSYoungGen      total 68608K, used 5109K [0x00000000eab00000, 0x00000000ef300000, 0x0000000100000000)
  eden space 63488K, 0% used [0x00000000eab00000,0x00000000eab00000,0x00000000ee900000)
  from space 5120K, 99% used [0x00000000ee900000,0x00000000eedfd788,0x00000000eee00000)
  to   space 5120K, 0% used [0x00000000eee00000,0x00000000eee00000,0x00000000ef300000)
 ParOldGen       total 84992K, used 13539K [0x00000000c0000000, 0x00000000c5300000, 0x00000000eab00000)
  object space 84992K, 15% used [0x00000000c0000000,0x00000000c0d38fe8,0x00000000c5300000)
 Metaspace       used 6224K, capacity 7152K, committed 7296K, reserved 1056768K
  class space    used 593K, capacity 616K, committed 640K, reserved 1048576K
}
Event: 11.750 GC heap before
{Heap before GC invocations=4 (full 0):
 PSYoungGen      total 68608K, used 68597K [0x00000000eab00000, 0x00000000ef300000, 0x0000000100000000)
  eden space 63488K, 100% used [0x00000000eab00000,0x00000000ee900000,0x00000000ee900000)
  from space 5120K, 99% used [0x00000000ee900000,0x00000000eedfd788,0x00000000eee00000)
  to   space 5120K, 0% used [0x00000000eee00000,0x00000000eee00000,0x00000000ef300000)
 ParOldGen       total 84992K, used 13539K [0x00000000c0000000, 0x00000000c5300000, 0x00000000eab00000)
  object space 84992K, 15% used [0x00000000c0000000,0x00000000c0d38fe8,0x00000000c5300000)
 Metaspace       used 6339K, capacity 7192K, committed 7424K, reserved 1056768K
  class space    used 614K, capacity 656K, committed 768K, reserved 1048576K
Event: 11.803 GC heap after
Heap after GC invocations=4 (full 0):
 PSYoungGen      total 68608K, used 5116K [0x00000000eab00000, 0x00000000f3100000, 0x0000000100000000)
  eden space 63488K, 0% used [0x00000000eab00000,0x00000000eab00000,0x00000000ee900000)
  from space 5120K, 99% used [0x00000000eee00000,0x00000000ef2ff060,0x00000000ef300000)
  to   space 5120K, 0% used [0x00000000ee900000,0x00000000ee900000,0x00000000eee00000)
 ParOldGen       total 84992K, used 22814K [0x00000000c0000000, 0x00000000c5300000, 0x00000000eab00000)
  object space 84992K, 26% used [0x00000000c0000000,0x00000000c1647818,0x00000000c5300000)
 Metaspace       used 6339K, capacity 7192K, committed 7424K, reserved 1056768K
  class space    used 614K, capacity 656K, committed 768K, reserved 1048576K
}

Deoptimization events (10 events):
Event: 11.193 Thread 0x00000000577c4800 Uncommon trap: reason=bimorphic action=maybe_recompile pc=0x0000000003914004 method=com.android.dx.ssa.SCCP.simulatePhi(Lcom/android/dx/ssa/PhiInsn;)V @ 124
Event: 11.358 Thread 0x00000000577c4800 Uncommon trap: reason=bimorphic action=maybe_recompile pc=0x0000000003ba1e34 method=com.android.dx.rop.code.RegisterSpec.withSimpleType()Lcom/android/dx/rop/code/RegisterSpec; @ 21
Event: 11.445 Thread 0x00000000577c4800 Uncommon trap: reason=bimorphic action=maybe_recompile pc=0x00000000038f59b8 method=com.android.dx.ssa.LiteralOpUpgrader.tryReplacingWithConstant(Lcom/android/dx/ssa/NormalSsaInsn;)Z @ 62
Event: 11.491 Thread 0x00000000577c4800 Uncommon trap: reason=class_check action=maybe_recompile pc=0x0000000003ac3468 method=com.android.dx.ssa.SCCP.replaceConstants()V @ 182
Event: 11.495 Thread 0x00000000577c4800 Uncommon trap: reason=class_check action=maybe_recompile pc=0x0000000003ac3468 method=com.android.dx.ssa.SCCP.replaceConstants()V @ 182
Event: 11.817 Thread 0x00000000578fd000 Uncommon trap: reason=class_check action=maybe_recompile pc=0x0000000003b4eb44 method=com.android.dx.cf.code.BytecodeArray.parseInstruction(ILcom/android/dx/cf/code/BytecodeArray$Visitor;)I @ 987
Event: 11.817 Thread 0x00000000578fd000 Uncommon trap: reason=class_check action=maybe_recompile pc=0x0000000003b4eb44 method=com.android.dx.cf.code.BytecodeArray.parseInstruction(ILcom/android/dx/cf/code/BytecodeArray$Visitor;)I @ 987
Event: 11.817 Thread 0x00000000578fd000 Uncommon trap: reason=class_check action=maybe_recompile pc=0x0000000003b4eb44 method=com.android.dx.cf.code.BytecodeArray.parseInstruction(ILcom/android/dx/cf/code/BytecodeArray$Visitor;)I @ 987
Event: 11.817 Thread 0x00000000578fd000 Uncommon trap: reason=class_check action=maybe_recompile pc=0x0000000003b4eb44 method=com.android.dx.cf.code.BytecodeArray.parseInstruction(ILcom/android/dx/cf/code/BytecodeArray$Visitor;)I @ 987
Event: 11.842 Thread 0x00000000578fd000 Uncommon trap: reason=bimorphic action=maybe_recompile pc=0x00000000038f59b8 method=com.android.dx.ssa.LiteralOpUpgrader.tryReplacingWithConstant(Lcom/android/dx/ssa/NormalSsaInsn;)Z @ 62

Internal exceptions (10 events):
Event: 1.534 Thread 0x00000000577c4800 Exception <a 'java/security/PrivilegedActionException'> (0x00000000ebc940c8) thrown at [C:\workspace\8-2-build-windows-amd64-cygwin\jdk8u31\2394\hotspot\src\share\vm\prims\jvm.cpp, line 1312]
Event: 1.817 Thread 0x00000000578fd000 Exception <a 'java/security/PrivilegedActionException'> (0x00000000ec1f52d0) thrown at [C:\workspace\8-2-build-windows-amd64-cygwin\jdk8u31\2394\hotspot\src\share\vm\prims\jvm.cpp, line 1312]
Event: 2.452 Thread 0x00000000578fd000 Exception <a 'java/security/PrivilegedActionException'> (0x00000000ec92b820) thrown at [C:\workspace\8-2-build-windows-amd64-cygwin\jdk8u31\2394\hotspot\src\share\vm\prims\jvm.cpp, line 1312]
Event: 5.218 Thread 0x0000000002e2e800 Exception <a 'java/security/PrivilegedActionException'> (0x00000000ec625308) thrown at [C:\workspace\8-2-build-windows-amd64-cygwin\jdk8u31\2394\hotspot\src\share\vm\prims\jvm.cpp, line 1312]
Event: 6.694 Thread 0x00000000577c4800 Exception <a 'java/security/PrivilegedActionException'> (0x00000000eb603d30) thrown at [C:\workspace\8-2-build-windows-amd64-cygwin\jdk8u31\2394\hotspot\src\share\vm\prims\jvm.cpp, line 1312]
Event: 9.460 Thread 0x00000000578fd000 Exception <a 'java/security/PrivilegedActionException'> (0x00000000ed5ed910) thrown at [C:\workspace\8-2-build-windows-amd64-cygwin\jdk8u31\2394\hotspot\src\share\vm\prims\jvm.cpp, line 1312]
Event: 10.862 Thread 0x00000000577c4800 Exception <a 'java/lang/ArrayIndexOutOfBoundsException': 18> (0x00000000ecfa2d50) thrown at [C:\workspace\8-2-build-windows-amd64-cygwin\jdk8u31\2394\hotspot\src\share\vm\interpreter\interpreterRuntime.cpp, line 366]
Event: 10.862 Thread 0x00000000577c4800 Exception <a 'java/lang/ArrayIndexOutOfBoundsException': 145> (0x00000000ecfa47e8) thrown at [C:\workspace\8-2-build-windows-amd64-cygwin\jdk8u31\2394\hotspot\src\share\vm\interpreter\interpreterRuntime.cpp, line 366]
Event: 10.863 Thread 0x00000000577c4800 Exception <a 'java/lang/ArrayIndexOutOfBoundsException'> (0x00000000ecfa5a00) thrown at [C:\workspace\8-2-build-windows-amd64-cygwin\jdk8u31\2394\hotspot\src\share\vm\runtime\sharedRuntime.cpp, line 604]
Event: 11.027 Thread 0x0000000002e2e800 Exception <a 'java/security/PrivilegedActionException'> (0x00000000ecd54fc0) thrown at [C:\workspace\8-2-build-windows-amd64-cygwin\jdk8u31\2394\hotspot\src\share\vm\prims\jvm.cpp, line 1312]

Events (10 events):
Event: 11.817 Thread 0x00000000578fd000 DEOPT UNPACKING pc=0x000000000331556a sp=0x0000000058c7e5b0 mode 2
Event: 11.817 Thread 0x00000000578fd000 Uncommon trap: trap_request=0xffffffde fr.pc=0x0000000003b4eb44
Event: 11.817 Thread 0x00000000578fd000 DEOPT PACKING pc=0x0000000003b4eb44 sp=0x0000000058c7e6d0
Event: 11.817 Thread 0x00000000578fd000 DEOPT UNPACKING pc=0x000000000331556a sp=0x0000000058c7e670 mode 2
Event: 11.817 Thread 0x00000000578fd000 Uncommon trap: trap_request=0xffffffde fr.pc=0x0000000003b4eb44
Event: 11.817 Thread 0x00000000578fd000 DEOPT PACKING pc=0x0000000003b4eb44 sp=0x0000000058c7e6d0
Event: 11.817 Thread 0x00000000578fd000 DEOPT UNPACKING pc=0x000000000331556a sp=0x0000000058c7e670 mode 2
Event: 11.842 Thread 0x00000000578fd000 Uncommon trap: trap_request=0xffffffc6 fr.pc=0x00000000038f59b8
Event: 11.842 Thread 0x00000000578fd000 DEOPT PACKING pc=0x00000000038f59b8 sp=0x0000000058c7e5d0
Event: 11.842 Thread 0x00000000578fd000 DEOPT UNPACKING pc=0x000000000331556a sp=0x0000000058c7e570 mode 2


Dynamic libraries:
0x000000013fba0000 - 0x000000013fbd4000 	C:\Program Files\Java\jdk1.8.0_31\bin\java.exe
0x0000000076e70000 - 0x000000007701a000 	C:\Windows\SYSTEM32\ntdll.dll
0x0000000076d50000 - 0x0000000076e6f000 	C:\Windows\system32\kernel32.dll
0x000007fefcee0000 - 0x000007fefcf4a000 	C:\Windows\system32\KERNELBASE.dll
0x000007fefe750000 - 0x000007fefe82b000 	C:\Windows\system32\ADVAPI32.dll
0x000007fefe180000 - 0x000007fefe21f000 	C:\Windows\system32\msvcrt.dll
0x000007fefe5c0000 - 0x000007fefe5df000 	C:\Windows\SYSTEM32\sechost.dll
0x000007fefee40000 - 0x000007fefef6d000 	C:\Windows\system32\RPCRT4.dll
0x0000000076c50000 - 0x0000000076d4a000 	C:\Windows\system32\USER32.dll
0x000007fefeb10000 - 0x000007fefeb77000 	C:\Windows\system32\GDI32.dll
0x000007fefe660000 - 0x000007fefe66e000 	C:\Windows\system32\LPK.dll
0x000007fefeb80000 - 0x000007fefec4a000 	C:\Windows\system32\USP10.dll
0x000007fefb370000 - 0x000007fefb564000 	C:\Windows\WinSxS\amd64_microsoft.windows.common-controls_6595b64144ccf1df_6.0.7601.18837_none_fa3b1e3d17594757\COMCTL32.dll
0x000007fefe5e0000 - 0x000007fefe651000 	C:\Windows\system32\SHLWAPI.dll
0x000007fefdcf0000 - 0x000007fefdd1e000 	C:\Windows\system32\IMM32.DLL
0x000007fefdd20000 - 0x000007fefde29000 	C:\Windows\system32\MSCTF.dll
0x000007fefcaf0000 - 0x000007fefcb07000 	C:\Windows\system32\AMINIT64.DLL
0x000007fee3950000 - 0x000007fee3ed7000 	C:\Program Files\McAfee\DLP\Agent\fcagpph64.dll
0x000007fef9200000 - 0x000007fef9271000 	C:\Windows\system32\WINSPOOL.DRV
0x000007fefcf60000 - 0x000007fefdce9000 	C:\Windows\system32\SHELL32.dll
0x000007fefef70000 - 0x000007feff173000 	C:\Windows\system32\ole32.dll
0x000007fefe670000 - 0x000007fefe74a000 	C:\Windows\system32\OLEAUT32.dll
0x0000000077040000 - 0x0000000077047000 	C:\Windows\system32\PSAPI.DLL
0x000007fefba20000 - 0x000007fefba2c000 	C:\Windows\system32\VERSION.dll
0x000007fee22b0000 - 0x000007fee27f6000 	C:\Program Files\McAfee\DLP\Agent\fcagcbh64.dll
0x0000000077da0000 - 0x0000000077e72000 	C:\Program Files\Java\jdk1.8.0_31\jre\bin\msvcr100.dll
0x000000006f9d0000 - 0x000000007022a000 	C:\Program Files\Java\jdk1.8.0_31\jre\bin\server\jvm.dll
0x000007fef7b20000 - 0x000007fef7b29000 	C:\Windows\system32\WSOCK32.dll
0x0000000002070000 - 0x00000000020bd000 	C:\Windows\system32\WS2_32.dll
0x000007fefe590000 - 0x000007fefe598000 	C:\Windows\system32\NSI.dll
0x000007fefb330000 - 0x000007fefb36b000 	C:\Windows\system32\WINMM.dll
0x000000005d8a0000 - 0x000000005d8af000 	C:\Program Files\Java\jdk1.8.0_31\jre\bin\verify.dll
0x000000005c180000 - 0x000000005c1a8000 	C:\Program Files\Java\jdk1.8.0_31\jre\bin\java.dll
0x000000005d620000 - 0x000000005d636000 	C:\Program Files\Java\jdk1.8.0_31\jre\bin\zip.dll
0x000007fefcbb0000 - 0x000007fefcbbf000 	C:\Windows\system32\profapi.dll
0x000007fefa280000 - 0x000007fefa3a5000 	C:\Windows\system32\dbghelp.dll

VM Arguments:
jvm_args: -Djava.awt.headless=true -Xmx1024M -Dfile.encoding=windows-1252 -Duser.country=US -Duser.language=en -Duser.variant 
java_command: com.android.dx.command.Main --dex --num-threads=4 --output C:\Users\pomboi\AndroidStudioProjects\Alarm\app\build\intermediates\pre-dexed\debug\com.android.support-appcompat-v7-23.1.1_d06f32b3eab6233348ef9acedf1161e57a61a340.jar C:\Users\pomboi\AndroidStudioProjects\Alarm\app\build\intermediates\exploded-aar\com.android.support\appcompat-v7\23.1.1\jars\classes.jar
java_class_path (initial): C:\Users\pomboi\AppData\Local\Android\sdk1\build-tools\23.0.3\lib\dx.jar
Launcher Type: SUN_STANDARD

Environment Variables:
JAVA_HOME=C:\Program Files\Java\jdk1.8.0_31
PATH=C:\Program Files (x86)\Mozilla Firefox;C:\Program Files (x86)\Microsoft Office\Office15\;C:\Program Files\Common Files\Microsoft Shared\Windows Live;C:\Program Files (x86)\Common Files\Microsoft Shared\Windows Live;C:\ProgramData\Oracle\Java\javapath;C:\Windows\system32;C:\Windows;C:\Windows\System32\Wbem;C:\Program Files\Java\jdk1.8.0_65\bin;C:\Program Files (x86)\Windows Live\Shared;C:\Program Files (x86)\Google\Drive C:\Windows\system32;C:\Windows;C:\Windows\System32\Wbem;C:\adb;c:\Program Files (x86)\Microsoft SQL Server\100\Tools\Binn\;c:\Program Files\Microsoft SQL Server\100\Tools\Binn\;c:\Program Files\Microsoft SQL Server\100\DTS\Binn\;C:\Program Files (x86)\Google\Drive C:\Windows\system32;C:\Windows;C:\Windows\System32\Wbem
USERNAME=pomboi
OS=Windows_NT
PROCESSOR_IDENTIFIER=Intel64 Family 6 Model 60 Stepping 3, GenuineIntel



---------------  S Y S T E M  ---------------

OS: Windows 7 , 64 bit Build 7601 Service Pack 1

CPU:total 4 (2 cores per cpu, 2 threads per core) family 6 model 60 stepping 3, cmov, cx8, fxsr, mmx, sse, sse2, sse3, ssse3, sse4.1, sse4.2, popcnt, avx, avx2, aes, clmul, erms, lzcnt, ht, tsc, tscinvbit, bmi1, bmi2

Memory: 4k page, physical 8068824k(1113512k free), swap 8066964k(5032k free)

vm_info: Java HotSpot(TM) 64-Bit Server VM (25.31-b07) for windows-amd64 JRE (1.8.0_31-b13), built on Dec 17 2014 21:00:28 by "java_re" with MS VC++ 10.0 (VS2010)

time: Wed Feb 15 22:24:19 2017
elapsed time: 12 seconds (0d 0h 0m 12s)

