#
# There is insufficient memory for the Java Runtime Environment to continue.
# Native memory allocation (malloc) failed to allocate 43136 bytes for Chunk::new
# Possible reasons:
#   The system is out of physical RAM or swap space
#   In 32 bit mode, the process size limit was hit
# Possible solutions:
#   Reduce memory load on the system
#   Increase physical memory or swap space
#   Check if swap backing store is full
#   Use 64 bit Java on a 64 bit OS
#   Decrease Java heap size (-Xmx/-Xms)
#   Decrease number of Java threads
#   Decrease Java thread stack sizes (-Xss)
#   Set larger code cache with -XX:ReservedCodeCacheSize=
# This output file may be truncated or incomplete.
#
#  Out of Memory Error (allocation.cpp:390), pid=14844, tid=12848
#
# JRE version: Java(TM) SE Runtime Environment (8.0_31-b13) (build 1.8.0_31-b13)
# Java VM: Java HotSpot(TM) 64-Bit Server VM (25.31-b07 mixed mode windows-amd64 compressed oops)
# Failed to write core dump. Minidumps are not enabled by default on client versions of Windows
#

---------------  T H R E A D  ---------------

Current thread (0x000000005763a800):  JavaThread "C2 CompilerThread1" daemon [_thread_in_native, id=12848, stack(0x0000000057ab0000,0x0000000057bb0000)]

Stack: [0x0000000057ab0000,0x0000000057bb0000]
Native frames: (J=compiled Java code, j=interpreted, Vv=VM code, C=native code)
V  [WINMM.dll+0x3169ba]


Current CompileTask:
C2:    737  158       4       java.lang.String::replace (127 bytes)


---------------  P R O C E S S  ---------------

Java Threads: ( => current thread )
  0x0000000057640800 JavaThread "Service Thread" daemon [_thread_blocked, id=13616, stack(0x0000000057280000,0x0000000057380000)]
  0x000000005763d000 JavaThread "C1 CompilerThread2" daemon [_thread_blocked, id=14420, stack(0x0000000057cd0000,0x0000000057dd0000)]
=>0x000000005763a800 JavaThread "C2 CompilerThread1" daemon [_thread_in_native, id=12848, stack(0x0000000057ab0000,0x0000000057bb0000)]
  0x0000000055e55800 JavaThread "C2 CompilerThread0" daemon [_thread_blocked, id=14668, stack(0x00000000574f0000,0x00000000575f0000)]
  0x0000000055e52000 JavaThread "Attach Listener" daemon [_thread_blocked, id=11628, stack(0x0000000057380000,0x0000000057480000)]
  0x0000000055e50800 JavaThread "Signal Dispatcher" daemon [_thread_blocked, id=9732, stack(0x0000000056f80000,0x0000000057080000)]
  0x0000000055df4800 JavaThread "Finalizer" daemon [_thread_blocked, id=5416, stack(0x0000000057110000,0x0000000057210000)]
  0x0000000055deb800 JavaThread "Reference Handler" daemon [_thread_blocked, id=14036, stack(0x0000000056e50000,0x0000000056f50000)]
  0x000000000291e800 JavaThread "main" [_thread_in_vm, id=14892, stack(0x00000000030c0000,0x00000000031c0000)]

Other Threads:
  0x0000000055de8000 VMThread [stack: 0x0000000056cd0000,0x0000000056dd0000] [id=7060]
  0x0000000057642000 WatcherThread [stack: 0x0000000057e10000,0x0000000057f10000] [id=14824]

VM state:not at safepoint (normal execution)

VM Mutex/Monitor currently owned by a thread:  ([mutex/lock_event])
[0x000000000291ca10] AdapterHandlerLibrary_lock - owner thread: 0x000000000291e800

Heap:
 PSYoungGen      total 36864K, used 3809K [0x00000000eab00000, 0x00000000ed400000, 0x0000000100000000)
  eden space 31744K, 12% used [0x00000000eab00000,0x00000000eaeb8648,0x00000000eca00000)
  from space 5120K, 0% used [0x00000000ecf00000,0x00000000ecf00000,0x00000000ed400000)
  to   space 5120K, 0% used [0x00000000eca00000,0x00000000eca00000,0x00000000ecf00000)
 ParOldGen       total 84992K, used 0K [0x00000000c0000000, 0x00000000c5300000, 0x00000000eab00000)
  object space 84992K, 0% used [0x00000000c0000000,0x00000000c0000000,0x00000000c5300000)
 Metaspace       used 3661K, capacity 4944K, committed 5120K, reserved 1056768K
  class space    used 410K, capacity 456K, committed 512K, reserved 1048576K

Card table byte_map: [0x0000000012850000,0x0000000012a60000] byte_map_base: 0x0000000012250000

Marking Bits: (ParMarkBitMap*) 0x000000007006d4f0
 Begin Bits: [0x0000000013260000, 0x0000000014260000)
 End Bits:   [0x0000000014260000, 0x0000000015260000)

Polling page: 0x0000000001c50000

CodeCache: size=245760Kb used=1344Kb max_used=1344Kb free=244415Kb
 bounds [0x0000000003490000, 0x0000000003700000, 0x0000000012490000]
 total_blobs=406 nmethods=158 adapters=162
 compilation: enabled

Compilation events (10 events):
Event: 0.731 Thread 0x000000005763d000 nmethod 152 0x00000000035dbd10 code [0x00000000035dbe80, 0x00000000035dc0f0]
Event: 0.731 Thread 0x000000005763d000  154       3       java.nio.DirectLongBufferU::put (18 bytes)
Event: 0.731 Thread 0x000000005763d000 nmethod 154 0x00000000035dfd90 code [0x00000000035dff00, 0x00000000035e0170]
Event: 0.731 Thread 0x000000005763d000  155       3       java.lang.Character::toUpperCase (6 bytes)
Event: 0.732 Thread 0x000000005763d000 nmethod 155 0x00000000035df850 code [0x00000000035df9c0, 0x00000000035dfc58]
Event: 0.732 Thread 0x000000005763d000  156       3       java.lang.CharacterDataLatin1::toUpperCase (53 bytes)
Event: 0.732 Thread 0x000000005763d000 nmethod 156 0x00000000035df290 code [0x00000000035df400, 0x00000000035df6f0]
Event: 0.734 Thread 0x000000005763d000  157       3       java.lang.String::indexOf (25 bytes)
Event: 0.734 Thread 0x000000005763d000 nmethod 157 0x00000000035dee50 code [0x00000000035defc0, 0x00000000035df168]
Event: 0.734 Thread 0x000000005763a800  158       4       java.lang.String::replace (127 bytes)

GC Heap History (0 events):
No events

Deoptimization events (0 events):
No events

Internal exceptions (10 events):
Event: 0.730 Thread 0x000000000291e800 Exception <a 'java/security/PrivilegedActionException'> (0x00000000eae3d9d8) thrown at [C:\workspace\8-2-build-windows-amd64-cygwin\jdk8u31\2394\hotspot\src\share\vm\prims\jvm.cpp, line 1312]
Event: 0.730 Thread 0x000000000291e800 Exception <a 'java/security/PrivilegedActionException'> (0x00000000eae40d28) thrown at [C:\workspace\8-2-build-windows-amd64-cygwin\jdk8u31\2394\hotspot\src\share\vm\prims\jvm.cpp, line 1312]
Event: 0.730 Thread 0x000000000291e800 Exception <a 'java/security/PrivilegedActionException'> (0x00000000eae43470) thrown at [C:\workspace\8-2-build-windows-amd64-cygwin\jdk8u31\2394\hotspot\src\share\vm\prims\jvm.cpp, line 1312]
Event: 0.731 Thread 0x000000000291e800 Exception <a 'java/security/PrivilegedActionException'> (0x00000000eae45af0) thrown at [C:\workspace\8-2-build-windows-amd64-cygwin\jdk8u31\2394\hotspot\src\share\vm\prims\jvm.cpp, line 1312]
Event: 0.732 Thread 0x000000000291e800 Exception <a 'java/security/PrivilegedActionException'> (0x00000000eae4f7f0) thrown at [C:\workspace\8-2-build-windows-amd64-cygwin\jdk8u31\2394\hotspot\src\share\vm\prims\jvm.cpp, line 1312]
Event: 0.733 Thread 0x000000000291e800 Exception <a 'java/security/PrivilegedActionException'> (0x00000000eae52730) thrown at [C:\workspace\8-2-build-windows-amd64-cygwin\jdk8u31\2394\hotspot\src\share\vm\prims\jvm.cpp, line 1312]
Event: 0.733 Thread 0x000000000291e800 Exception <a 'java/security/PrivilegedActionException'> (0x00000000eae55678) thrown at [C:\workspace\8-2-build-windows-amd64-cygwin\jdk8u31\2394\hotspot\src\share\vm\prims\jvm.cpp, line 1312]
Event: 0.734 Thread 0x000000000291e800 Exception <a 'java/security/PrivilegedActionException'> (0x00000000eae58638) thrown at [C:\workspace\8-2-build-windows-amd64-cygwin\jdk8u31\2394\hotspot\src\share\vm\prims\jvm.cpp, line 1312]
Event: 0.734 Thread 0x000000000291e800 Exception <a 'java/security/PrivilegedActionException'> (0x00000000eae5b650) thrown at [C:\workspace\8-2-build-windows-amd64-cygwin\jdk8u31\2394\hotspot\src\share\vm\prims\jvm.cpp, line 1312]
Event: 0.734 Thread 0x000000000291e800 Exception <a 'java/security/PrivilegedActionException'> (0x00000000eae5e240) thrown at [C:\workspace\8-2-build-windows-amd64-cygwin\jdk8u31\2394\hotspot\src\share\vm\prims\jvm.cpp, line 1312]

Events (10 events):
Event: 0.733 loading class com/android/dx/rop/cst/CstChar
Event: 0.733 loading class com/android/dx/rop/cst/CstChar done
Event: 0.733 loading class com/android/dx/rop/cst/CstShort
Event: 0.733 loading class com/android/dx/rop/cst/CstShort done
Event: 0.733 loading class com/android/dx/rop/cst/CstBoolean
Event: 0.733 loading class com/android/dx/rop/cst/CstBoolean done
Event: 0.734 loading class com/android/dx/rop/cst/CstEnumRef
Event: 0.734 loading class com/android/dx/rop/cst/CstEnumRef done
Event: 0.734 loading class com/android/dx/rop/cst/CstAnnotation
Event: 0.734 loading class com/android/dx/rop/cst/CstAnnotation done


Dynamic libraries:
0x000000013f430000 - 0x000000013f464000 	C:\Program Files\Java\jdk1.8.0_31\bin\java.exe
0x0000000077490000 - 0x000000007763a000 	C:\Windows\SYSTEM32\ntdll.dll
0x0000000077270000 - 0x000000007738f000 	C:\Windows\system32\kernel32.dll
0x000007fefd1f0000 - 0x000007fefd25a000 	C:\Windows\system32\KERNELBASE.dll
0x000007feff400000 - 0x000007feff4db000 	C:\Windows\system32\msvcrt.dll
0x000007fefdc80000 - 0x000007fefdd1f000 	C:\Windows\system32\RPCRT4.dll
0x000007fefee00000 - 0x000007fefee1f000 	C:\Windows\system32\GDI32.dll
0x000007feff670000 - 0x000007feff79d000 	C:\Windows\system32\RPCRT4.dll
0x0000000077390000 - 0x000000007748a000 	C:\Windows\WinSxS\amd64_microsoft.windows.common-controls_6595b64144ccf1df_6.0.7601.18837_none_fa3b1e3d17594757\COMCTL32.dll
0x000007fefdc10000 - 0x000007fefdc77000 	C:\Windows\system32\GDI32.dll
0x000007fefeb90000 - 0x000007fefeb9e000 	C:\Windows\system32\MSCTF.dll
0x000007fefda50000 - 0x000007fefdb1a000 	C:\Windows\system32\USP10.dll
0x000007fefbad0000 - 0x000007fefbcc4000 	C:\Windows\system32\WINSPOOL.DRV
0x000007fefeba0000 - 0x000007fefec11000 	C:\Windows\system32\SHELL32.dll
0x000007feff100000 - 0x000007feff12e000 	C:\Windows\system32\IMM32.DLL
0x000007fefd800000 - 0x000007fefd909000 	C:\Windows\system32\MSCTF.dll
0x000007fefd110000 - 0x000007fefd127000 	C:\Windows\system32\AMINIT64.DLL
0x000007feee930000 - 0x000007feeeeb7000 	C:\Program Files\McAfee\DLP\Agent\fcagcbh64.dll
0x000007fefa270000 - 0x000007fefa2e1000 	C:\Program Files\Java\jdk1.8.0_31\jre\bin\msvcr100.dll
0x000007fefde00000 - 0x000007fefeb89000 	C:\Windows\system32\SHELL32.dll
0x000007fefd5f0000 - 0x000007fefd7f3000 	C:\Windows\system32\ole32.dll
0x000007fefdd20000 - 0x000007fefddfa000 	C:\Windows\system32\OLEAUT32.dll
0x0000000077650000 - 0x0000000077657000 	C:\Windows\system32\WINMM.dll
0x000007fefc210000 - 0x000007fefc21c000 	C:\Program Files\Java\jdk1.8.0_31\jre\bin\verify.dll
0x000007feee3e0000 - 0x000007feee926000 	C:\Program Files\Java\jdk1.8.0_31\jre\bin\java.dll
0x00000000794a0000 - 0x0000000079572000 	C:\Program Files\Java\jdk1.8.0_31\jre\bin\zip.dll
0x000000006f890000 - 0x00000000700ea000 	C:\Program Files\Java\jdk1.8.0_31\jre\bin\server\jvm.dll
0x000007fef8cb0000 - 0x000007fef8cb9000 	C:\Windows\system32\ADVAPI32.dll
0x0000000001fa0000 - 0x0000000001fed000 	C:\Windows\system32\USER32.dll
0x000007fefd580000 - 0x000007fefd588000 	C:\Windows\system32\USP10.dll
0x000007fefbd00000 - 0x000007fefbd3b000 	C:\Windows\system32\IMM32.DLL
0x0000000065d90000 - 0x0000000065d9f000 	C:\Windows\system32\AMINIT64.DLL
0x0000000062ca0000 - 0x0000000062cc8000 	C:\Windows\system32\WINSPOOL.DRV
0x000000005b1c0000 - 0x000000005b1d6000 	C:\Windows\system32\ole32.dll
0x000007fefd1c0000 - 0x000007fefd1cf000 	C:\Windows\system32\PSAPI.DLL

VM Arguments:
jvm_args: -Djava.awt.headless=true -Xmx1024M -Dfile.encoding=windows-1252 -Duser.country=US -Duser.language=en -Duser.variant 
java_command: com.android.dx.command.Main --dex --num-threads=4 --output C:\Users\pomboi\AndroidStudioProjects\Alarm\app\build\intermediates\pre-dexed\debug\support-annotations-23.1.1_a70dbd3427e6d0f724052c191df7cba75c20529a.jar C:\Users\pomboi\AppData\Local\Android\sdk1\extras\android\m2repository\com\android\support\support-annotations\23.1.1\support-annotations-23.1.1.jar
java_class_path (initial): C:\Users\pomboi\AppData\Local\Android\sdk1\build-tools\23.0.3\lib\dx.jar
Launcher Type: SUN_STANDARD

Environment Variables:
JAVA_HOME=C:\Program Files\Java\jdk1.8.0_31
PATH=C:\Program Files (x86)\Mozilla Firefox;C:\Program Files (x86)\Microsoft Office\Office15\;C:\Program Files\Common Files\Microsoft Shared\Windows Live;C:\Program Files (x86)\Common Files\Microsoft Shared\Windows Live;C:\ProgramData\Oracle\Java\javapath;C:\Windows\system32;C:\Windows;C:\Windows\System32\Wbem;C:\Program Files\Java\jdk1.8.0_65\bin;C:\Program Files (x86)\Windows Live\Shared;C:\Program Files (x86)\Google\Drive C:\Windows\system32;C:\Windows;C:\Windows\System32\Wbem;C:\adb;c:\Program Files (x86)\Microsoft SQL Server\100\Tools\Binn\;c:\Program Files\Microsoft SQL Server\100\Tools\Binn\;c:\Program Files\Microsoft SQL Server\100\DTS\Binn\;C:\Program Files (x86)\Google\Drive C:\Windows\system32;C:\Windows;C:\Windows\System32\Wbem
USERNAME=pomboi
OS=Windows_NT
PROCESSOR_IDENTIFIER=Intel64 Family 6 Model 60 Stepping 3, GenuineIntel



---------------  S Y S T E M  ---------------

OS: Windows 7 , 64 bit Build 7601 Service Pack 1

CPU:total 4 (2 cores per cpu, 2 threads per core) family 6 model 60 stepping 3, cmov, cx8, fxsr, mmx, sse, sse2, sse3, ssse3, sse4.1, sse4.2, popcnt, avx, avx2, aes, clmul, erms, lzcnt, ht, tsc, tscinvbit, bmi1, bmi2

Memory: 4k page, physical 8068824k(1336272k free), swap 8066964k(3040k free)

vm_info: Java HotSpot(TM) 64-Bit Server VM (25.31-b07) for windows-amd64 JRE (1.8.0_31-b13), built on Dec 17 2014 21:00:28 by "java_re" with MS VC++ 10.0 (VS2010)

time: Tue Feb 28 22:13:09 2017
elapsed time: 0 seconds (0d 0h 0m 0s)

