#
# A fatal error has been detected by the Java Runtime Environment:
#
#  EXCEPTION_ACCESS_VIOLATION (0xc0000005) at pc=0x000000006fbcb107, pid=4628, tid=6392
#
# JRE version:  (8.0_31-b13) (build )
# Java VM: Java HotSpot(TM) 64-Bit Server VM (25.31-b07 mixed mode windows-amd64 compressed oops)
# Problematic frame:
# V  [jvm.dll+0x1fb107]
#
# Failed to write core dump. Minidumps are not enabled by default on client versions of Windows
#
# If you would like to submit a bug report, please visit:
#   http://bugreport.java.com/bugreport/crash.jsp
#

---------------  T H R E A D  ---------------

Current thread (0x0000000055aaf000):  JavaThread "Finalizer" daemon [_thread_in_vm, id=6392, stack(0x0000000056d90000,0x0000000056e90000)]

siginfo: ExceptionCode=0xc0000005, writing address 0x0000000056e8a510

Registers:
RAX=0x0000000056e8a510, RBX=0x0000000000000006, RCX=0x0000000000005000, RDX=0x0000000000000006
RSP=0x0000000056e8f510, RBP=0x0000000000000000, RSI=0x0000000056e8f510, RDI=0x0000000000000006
R8 =0x0000000000000006, R9 =0x0000000055996de0, R10=0x00000000551d8260, R11=0x0000000056d9a160
R12=0x0000000055996de0, R13=0x0000000055aaf000, R14=0x0000000056e8f5d8, R15=0x00000000551d8260
RIP=0x000000006fbcb107, EFLAGS=0x0000000000010202

Top of Stack: (sp=0x0000000056e8f510)
0x0000000056e8f510:   0000000000000001 0000000076eb8fe8
0x0000000056e8f520:   0000000055aaf000 0000000055996de0
0x0000000056e8f530:   00000000ffffffff 000000006fbcc037
0x0000000056e8f540:   0000000056e8f640 00000000551d8260
0x0000000056e8f550:   0000000055aaf000 000000006fa81fb3
0x0000000056e8f560:   0000000056e8f5a0 0000000055aaf000
0x0000000056e8f570:   0000000056e8f630 0000000055aaf000
0x0000000056e8f580:   00000000551d8260 0000000055aaf000
0x0000000056e8f590:   0000000003320e00 0000000055aaf000
0x0000000056e8f5a0:   00000000551d8260 0000000055aaf000
0x0000000056e8f5b0:   000000005514c7e8 0000000055aaf000
0x0000000056e8f5c0:   0000000000000001 00000000551d8260
0x0000000056e8f5d0:   0000000055aaf000 0000000055aafb10
0x0000000056e8f5e0:   0000000055aaf000 000000006fa8349d
0x0000000056e8f5f0:   0000000056e8f8f8 0000000015126670
0x0000000056e8f600:   0000000015135d88 0000000000000014 

Instructions: (pc=0x000000006fbcb107)
0x000000006fbcb0e7:   48 89 6c 24 30 33 ed 66 90 e8 7b 5c 08 00 ff c3
0x000000006fbcb0f7:   48 63 c8 48 8b c6 48 0f af cf 48 ff c7 48 2b c1
0x000000006fbcb107:   89 28 48 63 c3 48 3b 05 ed 6e 57 00 7e db 48 8b
0x000000006fbcb117:   6c 24 30 48 8b 5c 24 38 48 8b 74 24 40 48 83 c4 


Register to memory mapping:

RAX=0x0000000056e8a510 is pointing into the stack for thread: 0x0000000055aaf000
RBX=0x0000000000000006 is an unknown value
RCX=0x0000000000005000 is an unknown value
RDX=0x0000000000000006 is an unknown value
RSP=0x0000000056e8f510 is pointing into the stack for thread: 0x0000000055aaf000
RBP=0x0000000000000000 is an unknown value
RSI=0x0000000056e8f510 is pointing into the stack for thread: 0x0000000055aaf000
RDI=0x0000000000000006 is an unknown value
R8 =0x0000000000000006 is an unknown value
R9 =0x0000000055996de0 is an unknown value
R10={method} {0x00000000551d8268} 'run' '()V' in 'java/lang/ref/Finalizer$FinalizerThread'
R11=0x0000000056d9a160 is pointing into the stack for thread: 0x0000000055aaf000
R12=0x0000000055996de0 is an unknown value
R13=0x0000000055aaf000 is a thread
R14=0x0000000056e8f5d8 is pointing into the stack for thread: 0x0000000055aaf000
R15={method} {0x00000000551d8268} 'run' '()V' in 'java/lang/ref/Finalizer$FinalizerThread'


Stack: [0x0000000056d90000,0x0000000056e90000],  sp=0x0000000056e8f510,  free space=1021k
