#
# There is insufficient memory for the Java Runtime Environment to continue.
# Native memory allocation (malloc) failed to allocate 1048576 bytes for AllocateHeap
# Possible reasons:
#   The system is out of physical RAM or swap space
#   In 32 bit mode, the process size limit was hit
# Possible solutions:
#   Reduce memory load on the system
#   Increase physical memory or swap space
#   Check if swap backing store is full
#   Use 64 bit Java on a 64 bit OS
#   Decrease Java heap size (-Xmx/-Xms)
#   Decrease number of Java threads
#   Decrease Java thread stack sizes (-Xss)
#   Set larger code cache with -XX:ReservedCodeCacheSize=
# This output file may be truncated or incomplete.
#
#  Out of Memory Error (memory/allocation.inline.hpp:62), pid=14224, tid=14768
#
# JRE version:  (8.0_31-b13) (build )
# Java VM: Java HotSpot(TM) 64-Bit Server VM (25.31-b07 mixed mode windows-amd64 compressed oops)
# Failed to write core dump. Minidumps are not enabled by default on client versions of Windows
#

---------------  T H R E A D  ---------------

Current thread (0x0000000002eee800):  JavaThread "Unknown thread" [_thread_in_vm, id=14768, stack(0x0000000002f30000,0x0000000003030000)]

Stack: [0x0000000002f30000,0x0000000003030000]
Native frames: (J=compiled Java code, j=interpreted, Vv=VM code, C=native code)
V  [jvm.dll+0x3169ba]
V  [jvm.dll+0x2674c3]
V  [jvm.dll+0x268103]
V  [jvm.dll+0x25f8f5]
V  [jvm.dll+0x3df90f]
V  [jvm.dll+0x3e044f]
V  [jvm.dll+0x3e0564]
V  [jvm.dll+0x3e0733]
V  [jvm.dll+0xe54d2]
V  [jvm.dll+0x1fa089]
V  [jvm.dll+0x22b694]
V  [jvm.dll+0x14d8c1]
C  [java.exe+0x20b6]
C  [java.exe+0xc9bb]
C  [java.exe+0xca4f]
C  [kernel32.dll+0x159cd]
C  [ntdll.dll+0x2a561]


---------------  P R O C E S S  ---------------

Java Threads: ( => current thread )

Other Threads:

=>0x0000000002eee800 (exited) JavaThread "Unknown thread" [_thread_in_vm, id=14768, stack(0x0000000002f30000,0x0000000003030000)]

VM state:not at safepoint (normal execution)

VM Mutex/Monitor currently owned by a thread: None

Heap:
 PSYoungGen      total 36864K, used 634K [0x00000000eab00000, 0x00000000ed400000, 0x0000000100000000)
  eden space 31744K, 2% used [0x00000000eab00000,0x00000000eab9eb90,0x00000000eca00000)
  from space 5120K, 0% used [0x00000000ecf00000,0x00000000ecf00000,0x00000000ed400000)
  to   space 5120K, 0% used [0x00000000eca00000,0x00000000eca00000,0x00000000ecf00000)
 ParOldGen       total 84992K, used 0K [0x00000000c0000000, 0x00000000c5300000, 0x00000000eab00000)
  object space 84992K, 0% used [0x00000000c0000000,0x00000000c0000000,0x00000000c5300000)
 Metaspace       used 677K, capacity 4480K, committed 4480K, reserved 1056768K
  class space    used 67K, capacity 384K, committed 384K, reserved 1048576K

Card table byte_map: [0x00000000127a0000,0x00000000129b0000] byte_map_base: 0x00000000121a0000

Marking Bits: (ParMarkBitMap*) 0x00000000701ad4f0
 Begin Bits: [0x00000000131c0000, 0x00000000141c0000)
 End Bits:   [0x00000000141c0000, 0x00000000151c0000)

Polling page: 0x00000000002e0000

CodeCache: size=245760Kb used=327Kb max_used=327Kb free=245432Kb
 bounds [0x00000000033e0000, 0x0000000003650000, 0x00000000123e0000]
 total_blobs=56 nmethods=0 adapters=37
 compilation: enabled

Compilation events (0 events):
No events

GC Heap History (0 events):
No events

Deoptimization events (0 events):
No events

Internal exceptions (0 events):
No events

Events (10 events):
Event: 0.019 loading class java/lang/Short
Event: 0.019 loading class java/lang/Short done
Event: 0.019 loading class java/lang/Integer
Event: 0.020 loading class java/lang/Integer done
Event: 0.020 loading class java/lang/Long
Event: 0.020 loading class java/lang/Long done
Event: 0.020 loading class java/lang/NullPointerException
Event: 0.020 loading class java/lang/NullPointerException done
Event: 0.020 loading class java/lang/ArithmeticException
Event: 0.020 loading class java/lang/ArithmeticException done


Dynamic libraries:
0x000000013f710000 - 0x000000013f744000 	C:\Program Files\Java\jdk1.8.0_31\bin\java.exe
0x0000000076e70000 - 0x000000007701a000 	C:\Windows\SYSTEM32\ntdll.dll
0x0000000076d50000 - 0x0000000076e6f000 	C:\Windows\system32\kernel32.dll
0x000007fefcee0000 - 0x000007fefcf4a000 	C:\Windows\system32\KERNELBASE.dll
0x000007fefe750000 - 0x000007fefe82b000 	C:\Windows\system32\ADVAPI32.dll
0x000007fefe180000 - 0x000007fefe21f000 	C:\Windows\system32\msvcrt.dll
0x000007fefe5c0000 - 0x000007fefe5df000 	C:\Windows\SYSTEM32\sechost.dll
0x000007fefee40000 - 0x000007fefef6d000 	C:\Windows\system32\RPCRT4.dll
0x0000000076c50000 - 0x0000000076d4a000 	C:\Windows\system32\USER32.dll
0x000007fefeb10000 - 0x000007fefeb77000 	C:\Windows\system32\GDI32.dll
0x000007fefe660000 - 0x000007fefe66e000 	C:\Windows\system32\LPK.dll
0x000007fefeb80000 - 0x000007fefec4a000 	C:\Windows\system32\USP10.dll
0x000007fefb370000 - 0x000007fefb564000 	C:\Windows\WinSxS\amd64_microsoft.windows.common-controls_6595b64144ccf1df_6.0.7601.18837_none_fa3b1e3d17594757\COMCTL32.dll
0x000007fefe5e0000 - 0x000007fefe651000 	C:\Windows\system32\SHLWAPI.dll
0x000007fefdcf0000 - 0x000007fefdd1e000 	C:\Windows\system32\IMM32.DLL
0x000007fefdd20000 - 0x000007fefde29000 	C:\Windows\system32\MSCTF.dll
0x000007fefcaf0000 - 0x000007fefcb07000 	C:\Windows\system32\AMINIT64.DLL
0x000007fee3950000 - 0x000007fee3ed7000 	C:\Program Files\McAfee\DLP\Agent\fcagpph64.dll
0x000007fef9200000 - 0x000007fef9271000 	C:\Windows\system32\WINSPOOL.DRV
0x000007fefcf60000 - 0x000007fefdce9000 	C:\Windows\system32\SHELL32.dll
0x000007fefef70000 - 0x000007feff173000 	C:\Windows\system32\ole32.dll
0x000007fefe670000 - 0x000007fefe74a000 	C:\Windows\system32\OLEAUT32.dll
0x0000000077040000 - 0x0000000077047000 	C:\Windows\system32\PSAPI.DLL
0x000007fefba20000 - 0x000007fefba2c000 	C:\Windows\system32\VERSION.dll
0x000007fee22b0000 - 0x000007fee27f6000 	C:\Program Files\McAfee\DLP\Agent\fcagcbh64.dll
0x0000000077f20000 - 0x0000000077ff2000 	C:\Program Files\Java\jdk1.8.0_31\jre\bin\msvcr100.dll
0x000000006f9d0000 - 0x000000007022a000 	C:\Program Files\Java\jdk1.8.0_31\jre\bin\server\jvm.dll
0x000007fef7b20000 - 0x000007fef7b29000 	C:\Windows\system32\WSOCK32.dll
0x0000000002060000 - 0x00000000020ad000 	C:\Windows\system32\WS2_32.dll
0x000007fefe590000 - 0x000007fefe598000 	C:\Windows\system32\NSI.dll
0x000007fefb330000 - 0x000007fefb36b000 	C:\Windows\system32\WINMM.dll
0x000000005d8a0000 - 0x000000005d8af000 	C:\Program Files\Java\jdk1.8.0_31\jre\bin\verify.dll
0x000000005c180000 - 0x000000005c1a8000 	C:\Program Files\Java\jdk1.8.0_31\jre\bin\java.dll
0x000000005d620000 - 0x000000005d636000 	C:\Program Files\Java\jdk1.8.0_31\jre\bin\zip.dll
0x000007fefa280000 - 0x000007fefa3a5000 	C:\Windows\system32\dbghelp.dll

VM Arguments:
jvm_args: -Djava.awt.headless=true -Xmx1024M -Dfile.encoding=windows-1252 -Duser.country=US -Duser.language=en -Duser.variant 
java_command: com.android.dx.command.Main --dex --num-threads=4 --output C:\Users\pomboi\AndroidStudioProjects\Alarm\app\build\intermediates\pre-dexed\debug\debug_31cf8030b18a8efd79ddb702cc77149a68cc2e92.jar C:\Users\pomboi\AndroidStudioProjects\Alarm\app\build\intermediates\classes\debug
java_class_path (initial): C:\Users\pomboi\AppData\Local\Android\sdk1\build-tools\23.0.3\lib\dx.jar
Launcher Type: SUN_STANDARD

Environment Variables:
JAVA_HOME=C:\Program Files\Java\jdk1.8.0_31
PATH=C:\Program Files (x86)\Mozilla Firefox;C:\Program Files (x86)\Microsoft Office\Office15\;C:\Program Files\Common Files\Microsoft Shared\Windows Live;C:\Program Files (x86)\Common Files\Microsoft Shared\Windows Live;C:\ProgramData\Oracle\Java\javapath;C:\Windows\system32;C:\Windows;C:\Windows\System32\Wbem;C:\Program Files\Java\jdk1.8.0_65\bin;C:\Program Files (x86)\Windows Live\Shared;C:\Program Files (x86)\Google\Drive C:\Windows\system32;C:\Windows;C:\Windows\System32\Wbem;C:\adb;c:\Program Files (x86)\Microsoft SQL Server\100\Tools\Binn\;c:\Program Files\Microsoft SQL Server\100\Tools\Binn\;c:\Program Files\Microsoft SQL Server\100\DTS\Binn\;C:\Program Files (x86)\Google\Drive C:\Windows\system32;C:\Windows;C:\Windows\System32\Wbem
USERNAME=pomboi
OS=Windows_NT
PROCESSOR_IDENTIFIER=Intel64 Family 6 Model 60 Stepping 3, GenuineIntel



---------------  S Y S T E M  ---------------

OS: Windows 7 , 64 bit Build 7601 Service Pack 1

CPU:total 4 (2 cores per cpu, 2 threads per core) family 6 model 60 stepping 3, cmov, cx8, fxsr, mmx, sse, sse2, sse3, ssse3, sse4.1, sse4.2, popcnt, avx, avx2, aes, clmul, erms, lzcnt, ht, tsc, tscinvbit, bmi1, bmi2

Memory: 4k page, physical 8068824k(1181064k free), swap 8066964k(7828k free)

vm_info: Java HotSpot(TM) 64-Bit Server VM (25.31-b07) for windows-amd64 JRE (1.8.0_31-b13), built on Dec 17 2014 21:00:28 by "java_re" with MS VC++ 10.0 (VS2010)

time: Fri Feb 17 16:32:49 2017
elapsed time: 0 seconds (0d 0h 0m 0s)

