#
# There is insufficient memory for the Java Runtime Environment to continue.
# Native memory allocation (malloc) failed to allocate 36768 bytes for Chunk::new
# Possible reasons:
#   The system is out of physical RAM or swap space
#   In 32 bit mode, the process size limit was hit
# Possible solutions:
#   Reduce memory load on the system
#   Increase physical memory or swap space
#   Check if swap backing store is full
#   Use 64 bit Java on a 64 bit OS
#   Decrease Java heap size (-Xmx/-Xms)
#   Decrease number of Java threads
#   Decrease Java thread stack sizes (-Xss)
#   Set larger code cache with -XX:ReservedCodeCacheSize=
# This output file may be truncated or incomplete.
#
#  Out of Memory Error (allocation.cpp:390), pid=12896, tid=13524
#
# JRE version: Java(TM) SE Runtime Environment (8.0_31-b13) (build 1.8.0_31-b13)
# Java VM: Java HotSpot(TM) 64-Bit Server VM (25.31-b07 mixed mode windows-amd64 compressed oops)
# Failed to write core dump. Minidumps are not enabled by default on client versions of Windows
#

---------------  T H R E A D  ---------------

Current thread (0x000000000307e800):  JavaThread "main" [_thread_in_native, id=13524, stack(0x0000000003230000,0x0000000003330000)]

Stack: [0x0000000003230000,0x0000000003330000]
Native frames: (J=compiled Java code, j=interpreted, Vv=VM code, C=native code)
V  [jvm.dll+0x3169ba]

Java frames: (J=compiled Java code, j=interpreted, Vv=VM code)
j  java.lang.String.replace(Ljava/lang/CharSequence;Ljava/lang/CharSequence;)Ljava/lang/String;+8
j  com.android.dx.cf.direct.ClassPathOpener.compareClassNames(Ljava/lang/String;Ljava/lang/String;)I+23
j  com.android.dx.cf.direct.ClassPathOpener.access$000(Ljava/lang/String;Ljava/lang/String;)I+2
j  com.android.dx.cf.direct.ClassPathOpener$3.compare(Ljava/util/zip/ZipEntry;Ljava/util/zip/ZipEntry;)I+8
j  com.android.dx.cf.direct.ClassPathOpener$3.compare(Ljava/lang/Object;Ljava/lang/Object;)I+9
j  java.util.TimSort.countRunAndMakeAscending([Ljava/lang/Object;IILjava/util/Comparator;)I+43
j  java.util.TimSort.sort([Ljava/lang/Object;IILjava/util/Comparator;[Ljava/lang/Object;II)V+105
j  java.util.Arrays.sort([Ljava/lang/Object;IILjava/util/Comparator;)V+43
j  java.util.ArrayList.sort(Ljava/util/Comparator;)V+18
j  java.util.Collections.sort(Ljava/util/List;Ljava/util/Comparator;)V+2
j  com.android.dx.cf.direct.ClassPathOpener.processArchive(Ljava/io/File;)Z+33
j  com.android.dx.cf.direct.ClassPathOpener.processOne(Ljava/io/File;Z)Z+48
j  com.android.dx.cf.direct.ClassPathOpener.process()Z+15
j  com.android.dx.command.dexer.Main.processOne(Ljava/lang/String;Lcom/android/dx/cf/direct/ClassPathOpener$FileNameFilter;)V+20
j  com.android.dx.command.dexer.Main.processAllFiles()Z+272
j  com.android.dx.command.dexer.Main.runMonoDex()I+58
j  com.android.dx.command.dexer.Main.run(Lcom/android/dx/command/dexer/Main$Arguments;)I+76
j  com.android.dx.command.dexer.Main.main([Ljava/lang/String;)V+14
j  com.android.dx.command.Main.main([Ljava/lang/String;)V+61
v  ~StubRoutines::call_stub

---------------  P R O C E S S  ---------------

Java Threads: ( => current thread )
  0x00000000577b6000 JavaThread "Service Thread" daemon [_thread_blocked, id=7796, stack(0x0000000057d50000,0x0000000057e50000)]
  0x00000000577b0000 JavaThread "C1 CompilerThread2" daemon [_thread_blocked, id=10584, stack(0x0000000057bd0000,0x0000000057cd0000)]
  0x00000000577ad800 JavaThread "C2 CompilerThread1" daemon [_thread_blocked, id=6208, stack(0x00000000572f0000,0x00000000573f0000)]
  0x0000000055f95000 JavaThread "C2 CompilerThread0" daemon [_thread_blocked, id=13788, stack(0x0000000057660000,0x0000000057760000)]
  0x0000000055f92000 JavaThread "Attach Listener" daemon [_thread_blocked, id=11632, stack(0x00000000574d0000,0x00000000575d0000)]
  0x0000000055f90800 JavaThread "Signal Dispatcher" daemon [_thread_blocked, id=5496, stack(0x00000000570c0000,0x00000000571c0000)]
  0x0000000055f2f000 JavaThread "Finalizer" daemon [_thread_blocked, id=12116, stack(0x00000000571f0000,0x00000000572f0000)]
  0x0000000055f2b800 JavaThread "Reference Handler" daemon [_thread_blocked, id=7636, stack(0x0000000056e40000,0x0000000056f40000)]
=>0x000000000307e800 JavaThread "main" [_thread_in_native, id=13524, stack(0x0000000003230000,0x0000000003330000)]

Other Threads:
  0x0000000055f28000 VMThread [stack: 0x0000000056f50000,0x0000000057050000] [id=14672]
  0x00000000577b7800 WatcherThread [stack: 0x0000000057e80000,0x0000000057f80000] [id=14108]

VM state:not at safepoint (normal execution)

VM Mutex/Monitor currently owned by a thread: None

Heap:
 PSYoungGen      total 36864K, used 2539K [0x00000000eab00000, 0x00000000ed400000, 0x0000000100000000)
  eden space 31744K, 8% used [0x00000000eab00000,0x00000000ead7ae58,0x00000000eca00000)
  from space 5120K, 0% used [0x00000000ecf00000,0x00000000ecf00000,0x00000000ed400000)
  to   space 5120K, 0% used [0x00000000eca00000,0x00000000eca00000,0x00000000ecf00000)
 ParOldGen       total 84992K, used 0K [0x00000000c0000000, 0x00000000c5300000, 0x00000000eab00000)
  object space 84992K, 0% used [0x00000000c0000000,0x00000000c0000000,0x00000000c5300000)
 Metaspace       used 3347K, capacity 4720K, committed 4864K, reserved 1056768K
  class space    used 369K, capacity 424K, committed 512K, reserved 1048576K

Card table byte_map: [0x00000000129c0000,0x0000000012bd0000] byte_map_base: 0x00000000123c0000

Marking Bits: (ParMarkBitMap*) 0x000000007006d4f0
 Begin Bits: [0x00000000133a0000, 0x00000000143a0000)
 End Bits:   [0x00000000143a0000, 0x00000000153a0000)

Polling page: 0x0000000001e10000

CodeCache: size=245760Kb used=1246Kb max_used=1246Kb free=244513Kb
 bounds [0x0000000003600000, 0x0000000003870000, 0x0000000012600000]
 total_blobs=347 nmethods=101 adapters=160
 compilation: enabled

Compilation events (10 events):
Event: 0.719 Thread 0x00000000577b0000   96       1       sun.util.calendar.CalendarDate::getMinutes (5 bytes)
Event: 0.719 Thread 0x00000000577b0000 nmethod 96 0x0000000003736250 code [0x00000000037363a0, 0x00000000037364b0]
Event: 0.719 Thread 0x00000000577b0000   97       1       sun.util.calendar.CalendarDate::getSeconds (5 bytes)
Event: 0.719 Thread 0x00000000577b0000 nmethod 97 0x0000000003736510 code [0x0000000003736660, 0x0000000003736770]
Event: 0.719 Thread 0x00000000577b0000   98       1       sun.util.calendar.CalendarDate::getMillis (5 bytes)
Event: 0.719 Thread 0x00000000577b0000 nmethod 98 0x00000000037367d0 code [0x0000000003736920, 0x0000000003736a30]
Event: 0.719 Thread 0x00000000577b0000   99       3       sun.util.calendar.Gregorian$Date::getNormalizedYear (5 bytes)
Event: 0.719 Thread 0x00000000577b0000 nmethod 99 0x0000000003736a90 code [0x0000000003736be0, 0x0000000003736dd0]
Event: 0.719 Thread 0x00000000577b0000  100       1       java.util.zip.ZipFile::access$300 (5 bytes)
Event: 0.719 Thread 0x00000000577b0000 nmethod 100 0x0000000003736e50 code [0x0000000003736fa0, 0x0000000003737090]

GC Heap History (0 events):
No events

Deoptimization events (0 events):
No events

Internal exceptions (10 events):
Event: 0.550 Thread 0x000000000307e800 Exception <a 'java/security/PrivilegedActionException'> (0x00000000eacf0e08) thrown at [C:\workspace\8-2-build-windows-amd64-cygwin\jdk8u31\2394\hotspot\src\share\vm\prims\jvm.cpp, line 1312]
Event: 0.577 Thread 0x000000000307e800 Exception <a 'java/security/PrivilegedActionException'> (0x00000000eacf3050) thrown at [C:\workspace\8-2-build-windows-amd64-cygwin\jdk8u31\2394\hotspot\src\share\vm\prims\jvm.cpp, line 1312]
Event: 0.578 Thread 0x000000000307e800 Exception <a 'java/security/PrivilegedActionException'> (0x00000000eacf7e30) thrown at [C:\workspace\8-2-build-windows-amd64-cygwin\jdk8u31\2394\hotspot\src\share\vm\prims\jvm.cpp, line 1312]
Event: 0.578 Thread 0x000000000307e800 Exception <a 'java/security/PrivilegedActionException'> (0x00000000eacfc468) thrown at [C:\workspace\8-2-build-windows-amd64-cygwin\jdk8u31\2394\hotspot\src\share\vm\prims\jvm.cpp, line 1312]
Event: 0.579 Thread 0x000000000307e800 Exception <a 'java/security/PrivilegedActionException'> (0x00000000ead01060) thrown at [C:\workspace\8-2-build-windows-amd64-cygwin\jdk8u31\2394\hotspot\src\share\vm\prims\jvm.cpp, line 1312]
Event: 0.580 Thread 0x000000000307e800 Exception <a 'java/security/PrivilegedActionException'> (0x00000000ead05838) thrown at [C:\workspace\8-2-build-windows-amd64-cygwin\jdk8u31\2394\hotspot\src\share\vm\prims\jvm.cpp, line 1312]
Event: 0.584 Thread 0x000000000307e800 Exception <a 'java/security/PrivilegedActionException'> (0x00000000ead0f0b0) thrown at [C:\workspace\8-2-build-windows-amd64-cygwin\jdk8u31\2394\hotspot\src\share\vm\prims\jvm.cpp, line 1312]
Event: 0.585 Thread 0x000000000307e800 Exception <a 'java/security/PrivilegedActionException'> (0x00000000ead14a88) thrown at [C:\workspace\8-2-build-windows-amd64-cygwin\jdk8u31\2394\hotspot\src\share\vm\prims\jvm.cpp, line 1312]
Event: 0.585 Thread 0x000000000307e800 Exception <a 'java/security/PrivilegedActionException'> (0x00000000ead16dd8) thrown at [C:\workspace\8-2-build-windows-amd64-cygwin\jdk8u31\2394\hotspot\src\share\vm\prims\jvm.cpp, line 1312]
Event: 0.727 Thread 0x000000000307e800 Exception <a 'java/security/PrivilegedActionException'> (0x00000000ead4e7a8) thrown at [C:\workspace\8-2-build-windows-amd64-cygwin\jdk8u31\2394\hotspot\src\share\vm\prims\jvm.cpp, line 1312]

Events (10 events):
Event: 0.585 loading class com/android/dx/cf/direct/ClassPathOpener$1 done
Event: 0.585 loading class com/android/dx/command/dexer/Main$FileBytesConsumer
Event: 0.585 loading class com/android/dx/command/dexer/Main$FileBytesConsumer done
Event: 0.717 loading class java/util/zip/ZipFile$ZipEntryIterator
Event: 0.717 loading class java/util/zip/ZipFile$ZipEntryIterator done
Event: 0.727 loading class com/android/dx/cf/direct/ClassPathOpener$3
Event: 0.727 loading class com/android/dx/cf/direct/ClassPathOpener$3 done
Event: 0.728 loading class java/util/TimSort
Event: 0.728 loading class java/util/TimSort done
Event: 0.728 loading class java/util/regex/Pattern


Dynamic libraries:
0x000000013f430000 - 0x000000013f464000 	C:\Program Files\Java\jdk1.8.0_31\bin\java.exe
0x0000000077490000 - 0x000000007763a000 	C:\Windows\SYSTEM32\ntdll.dll
0x0000000077270000 - 0x000000007738f000 	C:\Windows\system32\kernel32.dll
0x000007fefd1f0000 - 0x000007fefd25a000 	C:\Windows\system32\KERNELBASE.dll
0x000007feff400000 - 0x000007feff4db000 	C:\Windows\system32\ADVAPI32.dll
0x000007fefdc80000 - 0x000007fefdd1f000 	C:\Windows\system32\msvcrt.dll
0x000007fefee00000 - 0x000007fefee1f000 	C:\Windows\SYSTEM32\sechost.dll
0x000007feff670000 - 0x000007feff79d000 	C:\Windows\system32\RPCRT4.dll
0x0000000077390000 - 0x000000007748a000 	C:\Windows\system32\USER32.dll
0x000007fefdc10000 - 0x000007fefdc77000 	C:\Windows\system32\GDI32.dll
0x000007fefeb90000 - 0x000007fefeb9e000 	C:\Windows\system32\LPK.dll
0x000007fefda50000 - 0x000007fefdb1a000 	C:\Windows\system32\USP10.dll
0x000007fefbad0000 - 0x000007fefbcc4000 	C:\Windows\WinSxS\amd64_microsoft.windows.common-controls_6595b64144ccf1df_6.0.7601.18837_none_fa3b1e3d17594757\COMCTL32.dll
0x000007fefeba0000 - 0x000007fefec11000 	C:\Windows\system32\SHLWAPI.dll
0x000007feff100000 - 0x000007feff12e000 	C:\Windows\system32\IMM32.DLL
0x000007fefd800000 - 0x000007fefd909000 	C:\Windows\system32\MSCTF.dll
0x000007fefd110000 - 0x000007fefd127000 	C:\Windows\system32\AMINIT64.DLL
0x000007feee930000 - 0x000007feeeeb7000 	C:\Program Files\McAfee\DLP\Agent\fcagpph64.dll
0x000007fefa270000 - 0x000007fefa2e1000 	C:\Windows\system32\WINSPOOL.DRV
0x000007fefde00000 - 0x000007fefeb89000 	C:\Windows\system32\SHELL32.dll
0x000007fefd5f0000 - 0x000007fefd7f3000 	C:\Windows\system32\ole32.dll
0x000007fefdd20000 - 0x000007fefddfa000 	C:\Windows\system32\OLEAUT32.dll
0x0000000077650000 - 0x0000000077657000 	C:\Windows\system32\PSAPI.DLL
0x000007fefc210000 - 0x000007fefc21c000 	C:\Windows\system32\VERSION.dll
0x000007feee3e0000 - 0x000007feee926000 	C:\Program Files\McAfee\DLP\Agent\fcagcbh64.dll
0x00000000794a0000 - 0x0000000079572000 	C:\Program Files\Java\jdk1.8.0_31\jre\bin\msvcr100.dll
0x000000006f890000 - 0x00000000700ea000 	C:\Program Files\Java\jdk1.8.0_31\jre\bin\server\jvm.dll
0x000007fef8cb0000 - 0x000007fef8cb9000 	C:\Windows\system32\WSOCK32.dll
0x0000000002070000 - 0x00000000020bd000 	C:\Windows\system32\WS2_32.dll
0x000007fefd580000 - 0x000007fefd588000 	C:\Windows\system32\NSI.dll
0x000007fefbd00000 - 0x000007fefbd3b000 	C:\Windows\system32\WINMM.dll
0x0000000065d90000 - 0x0000000065d9f000 	C:\Program Files\Java\jdk1.8.0_31\jre\bin\verify.dll
0x0000000062ca0000 - 0x0000000062cc8000 	C:\Program Files\Java\jdk1.8.0_31\jre\bin\java.dll
0x000000005b1c0000 - 0x000000005b1d6000 	C:\Program Files\Java\jdk1.8.0_31\jre\bin\zip.dll
0x000007fefd1c0000 - 0x000007fefd1cf000 	C:\Windows\system32\profapi.dll

VM Arguments:
jvm_args: -Djava.awt.headless=true -Xmx1024M -Dfile.encoding=windows-1252 -Duser.country=US -Duser.language=en -Duser.variant 
java_command: com.android.dx.command.Main --dex --num-threads=4 --output C:\Users\pomboi\AndroidStudioProjects\Alarm\app\build\intermediates\pre-dexed\debug\com.android.support-appcompat-v7-23.1.1_d06f32b3eab6233348ef9acedf1161e57a61a340.jar C:\Users\pomboi\AndroidStudioProjects\Alarm\app\build\intermediates\exploded-aar\com.android.support\appcompat-v7\23.1.1\jars\classes.jar
java_class_path (initial): C:\Users\pomboi\AppData\Local\Android\sdk1\build-tools\23.0.3\lib\dx.jar
Launcher Type: SUN_STANDARD

Environment Variables:
JAVA_HOME=C:\Program Files\Java\jdk1.8.0_31
PATH=C:\Program Files (x86)\Mozilla Firefox;C:\Program Files (x86)\Microsoft Office\Office15\;C:\Program Files\Common Files\Microsoft Shared\Windows Live;C:\Program Files (x86)\Common Files\Microsoft Shared\Windows Live;C:\ProgramData\Oracle\Java\javapath;C:\Windows\system32;C:\Windows;C:\Windows\System32\Wbem;C:\Program Files\Java\jdk1.8.0_65\bin;C:\Program Files (x86)\Windows Live\Shared;C:\Program Files (x86)\Google\Drive C:\Windows\system32;C:\Windows;C:\Windows\System32\Wbem;C:\adb;c:\Program Files (x86)\Microsoft SQL Server\100\Tools\Binn\;c:\Program Files\Microsoft SQL Server\100\Tools\Binn\;c:\Program Files\Microsoft SQL Server\100\DTS\Binn\;C:\Program Files (x86)\Google\Drive C:\Windows\system32;C:\Windows;C:\Windows\System32\Wbem
USERNAME=pomboi
OS=Windows_NT
PROCESSOR_IDENTIFIER=Intel64 Family 6 Model 60 Stepping 3, GenuineIntel



---------------  S Y S T E M  ---------------

OS: Windows 7 , 64 bit Build 7601 Service Pack 1

CPU:total 4 (2 cores per cpu, 2 threads per core) family 6 model 60 stepping 3, cmov, cx8, fxsr, mmx, sse, sse2, sse3, ssse3, sse4.1, sse4.2, popcnt, avx, avx2, aes, clmul, erms, lzcnt, ht, tsc, tscinvbit, bmi1, bmi2

Memory: 4k page, physical 8068824k(1336468k free), swap 8066964k(3040k free)

vm_info: Java HotSpot(TM) 64-Bit Server VM (25.31-b07) for windows-amd64 JRE (1.8.0_31-b13), built on Dec 17 2014 21:00:28 by "java_re" with MS VC++ 10.0 (VS2010)

time: Tue Feb 28 22:13:09 2017
elapsed time: 0 seconds (0d 0h 0m 0s)

