#
# There is insufficient memory for the Java Runtime Environment to continue.
# Native memory allocation (malloc) failed to allocate 131088 bytes for Chunk::new
# Possible reasons:
#   The system is out of physical RAM or swap space
#   In 32 bit mode, the process size limit was hit
# Possible solutions:
#   Reduce memory load on the system
#   Increase physical memory or swap space
#   Check if swap backing store is full
#   Use 64 bit Java on a 64 bit OS
#   Decrease Java heap size (-Xmx/-Xms)
#   Decrease number of Java threads
#   Decrease Java thread stack sizes (-Xss)
#   Set larger code cache with -XX:ReservedCodeCacheSize=
# This output file may be truncated or incomplete.
#
#  Out of Memory Error (allocation.cpp:390), pid=11960, tid=13316
#
# JRE version: Java(TM) SE Runtime Environment (8.0_31-b13) (build 1.8.0_31-b13)
# Java VM: Java HotSpot(TM) 64-Bit Server VM (25.31-b07 mixed mode windows-amd64 compressed oops)
# Failed to write core dump. Minidumps are not enabled by default on client versions of Windows
#

---------------  T H R E A D  ---------------

Current thread (0x0000000057200800):  JavaThread "C2 CompilerThread0" daemon [_thread_in_native, id=13316, stack(0x0000000056fe0000,0x00000000570e0000)]

Stack: [0x0000000056fe0000,0x00000000570e0000]
Native frames: (J=compiled Java code, j=interpreted, Vv=VM code, C=native code)
V  [jvm.dll+0x3169ba]


Current CompileTask:
C2:  11581 1912       4       com.android.dx.ssa.SsaConverter::placePhiFunctions (394 bytes)


---------------  P R O C E S S  ---------------

Java Threads: ( => current thread )
  0x000000005752f000 JavaThread "pool-1-thread-4" [_thread_blocked, id=4320, stack(0x0000000058c10000,0x0000000058d10000)]
  0x000000005752c800 JavaThread "pool-1-thread-3" [_thread_blocked, id=13968, stack(0x0000000058af0000,0x0000000058bf0000)]
  0x0000000057451800 JavaThread "pool-1-thread-2" [_thread_blocked, id=2324, stack(0x0000000058910000,0x0000000058a10000)]
  0x0000000057450800 JavaThread "pool-2-thread-1" [_thread_blocked, id=13684, stack(0x0000000058660000,0x0000000058760000)]
  0x000000005744c800 JavaThread "pool-1-thread-1" [_thread_blocked, id=8544, stack(0x0000000057b70000,0x0000000057c70000)]
  0x000000005727c000 JavaThread "Service Thread" daemon [_thread_blocked, id=7328, stack(0x0000000057860000,0x0000000057960000)]
  0x0000000057207000 JavaThread "C1 CompilerThread2" daemon [_thread_in_native, id=10100, stack(0x0000000057a60000,0x0000000057b60000)]
  0x0000000057204800 JavaThread "C2 CompilerThread1" daemon [_thread_in_native, id=13132, stack(0x0000000057960000,0x0000000057a60000)]
=>0x0000000057200800 JavaThread "C2 CompilerThread0" daemon [_thread_in_native, id=13316, stack(0x0000000056fe0000,0x00000000570e0000)]
  0x0000000055cd2000 JavaThread "Attach Listener" daemon [_thread_blocked, id=6568, stack(0x00000000576b0000,0x00000000577b0000)]
  0x0000000055cd0800 JavaThread "Signal Dispatcher" daemon [_thread_blocked, id=12628, stack(0x0000000056bd0000,0x0000000056cd0000)]
  0x0000000055c6f000 JavaThread "Finalizer" daemon [_thread_blocked, id=13752, stack(0x0000000057100000,0x0000000057200000)]
  0x0000000055c6b800 JavaThread "Reference Handler" daemon [_thread_blocked, id=13352, stack(0x0000000056eb0000,0x0000000056fb0000)]
  0x0000000002f3e800 JavaThread "main" [_thread_in_Java, id=11300, stack(0x0000000002f60000,0x0000000003060000)]

Other Threads:
  0x0000000055c68000 VMThread [stack: 0x0000000056d50000,0x0000000056e50000] [id=12624]
  0x000000005727d000 WatcherThread [stack: 0x0000000057d10000,0x0000000057e10000] [id=1216]

VM state:not at safepoint (normal execution)

VM Mutex/Monitor currently owned by a thread: None

Heap:
 PSYoungGen      total 68608K, used 55572K [0x00000000eab00000, 0x00000000ef300000, 0x0000000100000000)
  eden space 63488K, 79% used [0x00000000eab00000,0x00000000edc4d2a0,0x00000000ee900000)
  from space 5120K, 99% used [0x00000000eee00000,0x00000000ef2f8048,0x00000000ef300000)
  to   space 5120K, 0% used [0x00000000ee900000,0x00000000ee900000,0x00000000eee00000)
 ParOldGen       total 84992K, used 3868K [0x00000000c0000000, 0x00000000c5300000, 0x00000000eab00000)
  object space 84992K, 4% used [0x00000000c0000000,0x00000000c03c7020,0x00000000c5300000)
 Metaspace       used 6251K, capacity 7152K, committed 7296K, reserved 1056768K
  class space    used 592K, capacity 616K, committed 640K, reserved 1048576K

Card table byte_map: [0x00000000127d0000,0x00000000129e0000] byte_map_base: 0x00000000121d0000

Marking Bits: (ParMarkBitMap*) 0x00000000701ad4f0
 Begin Bits: [0x00000000130e0000, 0x00000000140e0000)
 End Bits:   [0x00000000140e0000, 0x00000000150e0000)

Polling page: 0x00000000004a0000

CodeCache: size=245760Kb used=7929Kb max_used=7937Kb free=237830Kb
 bounds [0x0000000003410000, 0x0000000003be0000, 0x0000000012410000]
 total_blobs=2157 nmethods=1892 adapters=178
 compilation: enabled

Compilation events (10 events):
Event: 11.264 Thread 0x0000000057204800 nmethod 1907 0x0000000003bbf710 code [0x0000000003bbf880, 0x0000000003bbfb18]
Event: 11.286 Thread 0x0000000057207000 1908   !   3       java.util.concurrent.ArrayBlockingQueue::take (46 bytes)
Event: 11.287 Thread 0x0000000057207000 nmethod 1908 0x0000000003bbe450 code [0x0000000003bbe660, 0x0000000003bbf138]
Event: 11.356 Thread 0x0000000057207000 1909   !   3       com.android.dx.dex.cf.CfTranslator::processMethods (583 bytes)
Event: 11.363 Thread 0x0000000057207000 nmethod 1909 0x0000000003bc5a50 code [0x0000000003bc61e0, 0x0000000003bcbde8]
Event: 11.495 Thread 0x0000000057207000 1910       3       com.android.dx.cf.direct.StdAttributeFactory::sourceFile (94 bytes)
Event: 11.497 Thread 0x0000000057207000 nmethod 1910 0x0000000003bd1450 code [0x0000000003bd18a0, 0x0000000003bd4028]
Event: 11.503 Thread 0x0000000057207000 1911       3       java.util.concurrent.locks.AbstractQueuedSynchronizer::parkAndCheckInterrupt (8 bytes)
Event: 11.503 Thread 0x0000000057207000 nmethod 1911 0x0000000003bbdc90 code [0x0000000003bbde20, 0x0000000003bbe298]
Event: 11.509 Thread 0x0000000057200800 1912       4       com.android.dx.ssa.SsaConverter::placePhiFunctions (394 bytes)

GC Heap History (4 events):
Event: 2.286 GC heap before
{Heap before GC invocations=1 (full 0):
 PSYoungGen      total 36864K, used 31744K [0x00000000eab00000, 0x00000000ed400000, 0x0000000100000000)
  eden space 31744K, 100% used [0x00000000eab00000,0x00000000eca00000,0x00000000eca00000)
  from space 5120K, 0% used [0x00000000ecf00000,0x00000000ecf00000,0x00000000ed400000)
  to   space 5120K, 0% used [0x00000000eca00000,0x00000000eca00000,0x00000000ecf00000)
 ParOldGen       total 84992K, used 0K [0x00000000c0000000, 0x00000000c5300000, 0x00000000eab00000)
  object space 84992K, 0% used [0x00000000c0000000,0x00000000c0000000,0x00000000c5300000)
 Metaspace       used 5815K, capacity 6832K, committed 7040K, reserved 1056768K
  class space    used 585K, capacity 616K, committed 640K, reserved 1048576K
Event: 2.353 GC heap after
Heap after GC invocations=1 (full 0):
 PSYoungGen      total 36864K, used 5092K [0x00000000eab00000, 0x00000000ef300000, 0x0000000100000000)
  eden space 31744K, 0% used [0x00000000eab00000,0x00000000eab00000,0x00000000eca00000)
  from space 5120K, 99% used [0x00000000eca00000,0x00000000ecef91a8,0x00000000ecf00000)
  to   space 5120K, 0% used [0x00000000eee00000,0x00000000eee00000,0x00000000ef300000)
 ParOldGen       total 84992K, used 770K [0x00000000c0000000, 0x00000000c5300000, 0x00000000eab00000)
  object space 84992K, 0% used [0x00000000c0000000,0x00000000c00c0ad8,0x00000000c5300000)
 Metaspace       used 5815K, capacity 6832K, committed 7040K, reserved 1056768K
  class space    used 585K, capacity 616K, committed 640K, reserved 1048576K
}
Event: 4.467 GC heap before
{Heap before GC invocations=2 (full 0):
 PSYoungGen      total 36864K, used 36836K [0x00000000eab00000, 0x00000000ef300000, 0x0000000100000000)
  eden space 31744K, 100% used [0x00000000eab00000,0x00000000eca00000,0x00000000eca00000)
  from space 5120K, 99% used [0x00000000eca00000,0x00000000ecef91a8,0x00000000ecf00000)
  to   space 5120K, 0% used [0x00000000eee00000,0x00000000eee00000,0x00000000ef300000)
 ParOldGen       total 84992K, used 770K [0x00000000c0000000, 0x00000000c5300000, 0x00000000eab00000)
  object space 84992K, 0% used [0x00000000c0000000,0x00000000c00c0ad8,0x00000000c5300000)
 Metaspace       used 6119K, capacity 7024K, committed 7296K, reserved 1056768K
  class space    used 590K, capacity 616K, committed 640K, reserved 1048576K
Event: 4.762 GC heap after
Heap after GC invocations=2 (full 0):
 PSYoungGen      total 68608K, used 5088K [0x00000000eab00000, 0x00000000ef300000, 0x0000000100000000)
  eden space 63488K, 0% used [0x00000000eab00000,0x00000000eab00000,0x00000000ee900000)
  from space 5120K, 99% used [0x00000000eee00000,0x00000000ef2f8048,0x00000000ef300000)
  to   space 5120K, 0% used [0x00000000ee900000,0x00000000ee900000,0x00000000eee00000)
 ParOldGen       total 84992K, used 3868K [0x00000000c0000000, 0x00000000c5300000, 0x00000000eab00000)
  object space 84992K, 4% used [0x00000000c0000000,0x00000000c03c7020,0x00000000c5300000)
 Metaspace       used 6119K, capacity 7024K, committed 7296K, reserved 1056768K
  class space    used 590K, capacity 616K, committed 640K, reserved 1048576K
}

Deoptimization events (7 events):
Event: 2.381 Thread 0x0000000057451800 Uncommon trap: reason=unreached action=reinterpret pc=0x00000000037c2fc4 method=com.android.dx.rop.cst.Constant.compareTo(Lcom/android/dx/rop/cst/Constant;)I @ 12
Event: 2.563 Thread 0x000000005752f000 Uncommon trap: reason=null_check action=make_not_entrant pc=0x0000000003697160 method=com.android.dx.ssa.SsaRenamer.getLocalForNewReg(I)Lcom/android/dx/rop/code/LocalItem; @ 19
Event: 6.859 Thread 0x0000000057451800 Uncommon trap: reason=bimorphic action=maybe_recompile pc=0x00000000039d4ba0 method=com.android.dx.rop.code.RegisterSpec.withSimpleType()Lcom/android/dx/rop/code/RegisterSpec; @ 21
Event: 8.771 Thread 0x000000005752f000 Uncommon trap: reason=bimorphic action=maybe_recompile pc=0x0000000003ad16f4 method=com.android.dx.cf.code.RopperMachine.run(Lcom/android/dx/cf/code/Frame;II)V @ 988
Event: 8.778 Thread 0x000000005752f000 Uncommon trap: reason=unreached action=reinterpret pc=0x00000000038d1038 method=com.android.dx.ssa.SCCP.simulateBranch(Lcom/android/dx/ssa/SsaInsn;)V @ 132
Event: 8.778 Thread 0x000000005752f000 Uncommon trap: reason=unloaded action=reinterpret pc=0x0000000003921d0c method=com.android.dx.ssa.LiteralOpUpgrader$1.visitNonMoveInsn(Lcom/android/dx/ssa/NormalSsaInsn;)V @ 72
Event: 8.778 Thread 0x000000005752f000 Uncommon trap: reason=unreached action=reinterpret pc=0x000000000385840c method=com.android.dx.ssa.SsaMethod.updateOneDefinition(Lcom/android/dx/ssa/SsaInsn;Lcom/android/dx/rop/code/RegisterSpec;)V @ 4

Internal exceptions (10 events):
Event: 2.629 Thread 0x0000000002f3e800 Exception <a 'java/security/PrivilegedActionException'> (0x00000000eb6a2d58) thrown at [C:\workspace\8-2-build-windows-amd64-cygwin\jdk8u31\2394\hotspot\src\share\vm\prims\jvm.cpp, line 1312]
Event: 2.630 Thread 0x0000000002f3e800 Exception <a 'java/security/PrivilegedActionException'> (0x00000000eb6b7e60) thrown at [C:\workspace\8-2-build-windows-amd64-cygwin\jdk8u31\2394\hotspot\src\share\vm\prims\jvm.cpp, line 1312]
Event: 2.631 Thread 0x0000000002f3e800 Exception <a 'java/security/PrivilegedActionException'> (0x00000000eb6bdbd0) thrown at [C:\workspace\8-2-build-windows-amd64-cygwin\jdk8u31\2394\hotspot\src\share\vm\prims\jvm.cpp, line 1312]
Event: 2.632 Thread 0x0000000002f3e800 Exception <a 'java/security/PrivilegedActionException'> (0x00000000eb6c3718) thrown at [C:\workspace\8-2-build-windows-amd64-cygwin\jdk8u31\2394\hotspot\src\share\vm\prims\jvm.cpp, line 1312]
Event: 2.644 Thread 0x0000000002f3e800 Exception <a 'java/security/PrivilegedActionException'> (0x00000000eb6d5b48) thrown at [C:\workspace\8-2-build-windows-amd64-cygwin\jdk8u31\2394\hotspot\src\share\vm\prims\jvm.cpp, line 1312]
Event: 5.085 Thread 0x000000005752c800 Exception <a 'java/security/PrivilegedActionException'> (0x00000000eacd9208) thrown at [C:\workspace\8-2-build-windows-amd64-cygwin\jdk8u31\2394\hotspot\src\share\vm\prims\jvm.cpp, line 1312]
Event: 6.082 Thread 0x000000005744c800 Exception <a 'java/security/PrivilegedActionException'> (0x00000000eb02daa8) thrown at [C:\workspace\8-2-build-windows-amd64-cygwin\jdk8u31\2394\hotspot\src\share\vm\prims\jvm.cpp, line 1312]
Event: 8.778 Thread 0x000000005752f000 Exception <a 'java/security/PrivilegedActionException'> (0x00000000eb9d3330) thrown at [C:\workspace\8-2-build-windows-amd64-cygwin\jdk8u31\2394\hotspot\src\share\vm\prims\jvm.cpp, line 1312]
Event: 9.175 Thread 0x0000000002f3e800 Exception <a 'java/security/PrivilegedActionException'> (0x00000000eb939068) thrown at [C:\workspace\8-2-build-windows-amd64-cygwin\jdk8u31\2394\hotspot\src\share\vm\prims\jvm.cpp, line 1312]
Event: 9.176 Thread 0x0000000002f3e800 Exception <a 'java/security/PrivilegedActionException'> (0x00000000eb93b7d0) thrown at [C:\workspace\8-2-build-windows-amd64-cygwin\jdk8u31\2394\hotspot\src\share\vm\prims\jvm.cpp, line 1312]

Events (10 events):
Event: 8.778 Thread 0x000000005752f000 DEOPT UNPACKING pc=0x000000000345556a sp=0x0000000058d0eb98 mode 2
Event: 8.778 Thread 0x000000005752f000 Uncommon trap: trap_request=0xffffffad fr.pc=0x000000000385840c
Event: 8.778 Thread 0x000000005752f000 DEOPT PACKING pc=0x000000000385840c sp=0x0000000058d0ea10
Event: 8.778 Thread 0x000000005752f000 DEOPT UNPACKING pc=0x000000000345556a sp=0x0000000058d0e9b8 mode 2
Event: 9.166 loading class com/android/dx/cf/attrib/AttRuntimeInvisibleAnnotations
Event: 9.166 loading class com/android/dx/cf/attrib/AttRuntimeInvisibleAnnotations done
Event: 9.176 loading class com/android/dx/cf/attrib/BaseAnnotations
Event: 9.176 loading class com/android/dx/cf/attrib/BaseAnnotations done
Event: 11.509 Thread 0x0000000057451800 DEOPT PACKING pc=0x000000000386fe57 sp=0x0000000058a0ea30
Event: 11.509 Thread 0x0000000057451800 DEOPT UNPACKING pc=0x00000000034575bf sp=0x0000000058a0e860 mode 0


Dynamic libraries:
0x000000013fba0000 - 0x000000013fbd4000 	C:\Program Files\Java\jdk1.8.0_31\bin\java.exe
0x0000000076e70000 - 0x000000007701a000 	C:\Windows\SYSTEM32\ntdll.dll
0x0000000076d50000 - 0x0000000076e6f000 	C:\Windows\system32\kernel32.dll
0x000007fefcee0000 - 0x000007fefcf4a000 	C:\Windows\system32\KERNELBASE.dll
0x000007fefe750000 - 0x000007fefe82b000 	C:\Windows\system32\ADVAPI32.dll
0x000007fefe180000 - 0x000007fefe21f000 	C:\Windows\system32\msvcrt.dll
0x000007fefe5c0000 - 0x000007fefe5df000 	C:\Windows\SYSTEM32\sechost.dll
0x000007fefee40000 - 0x000007fefef6d000 	C:\Windows\system32\RPCRT4.dll
0x0000000076c50000 - 0x0000000076d4a000 	C:\Windows\system32\USER32.dll
0x000007fefeb10000 - 0x000007fefeb77000 	C:\Windows\system32\GDI32.dll
0x000007fefe660000 - 0x000007fefe66e000 	C:\Windows\system32\LPK.dll
0x000007fefeb80000 - 0x000007fefec4a000 	C:\Windows\system32\USP10.dll
0x000007fefb370000 - 0x000007fefb564000 	C:\Windows\WinSxS\amd64_microsoft.windows.common-controls_6595b64144ccf1df_6.0.7601.18837_none_fa3b1e3d17594757\COMCTL32.dll
0x000007fefe5e0000 - 0x000007fefe651000 	C:\Windows\system32\SHLWAPI.dll
0x000007fefdcf0000 - 0x000007fefdd1e000 	C:\Windows\system32\IMM32.DLL
0x000007fefdd20000 - 0x000007fefde29000 	C:\Windows\system32\MSCTF.dll
0x000007fefcaf0000 - 0x000007fefcb07000 	C:\Windows\system32\AMINIT64.DLL
0x000007fee3950000 - 0x000007fee3ed7000 	C:\Program Files\McAfee\DLP\Agent\fcagpph64.dll
0x000007fef9200000 - 0x000007fef9271000 	C:\Windows\system32\WINSPOOL.DRV
0x000007fefcf60000 - 0x000007fefdce9000 	C:\Windows\system32\SHELL32.dll
0x000007fefef70000 - 0x000007feff173000 	C:\Windows\system32\ole32.dll
0x000007fefe670000 - 0x000007fefe74a000 	C:\Windows\system32\OLEAUT32.dll
0x0000000077040000 - 0x0000000077047000 	C:\Windows\system32\PSAPI.DLL
0x000007fefba20000 - 0x000007fefba2c000 	C:\Windows\system32\VERSION.dll
0x000007fee22b0000 - 0x000007fee27f6000 	C:\Program Files\McAfee\DLP\Agent\fcagcbh64.dll
0x0000000077da0000 - 0x0000000077e72000 	C:\Program Files\Java\jdk1.8.0_31\jre\bin\msvcr100.dll
0x000000006f9d0000 - 0x000000007022a000 	C:\Program Files\Java\jdk1.8.0_31\jre\bin\server\jvm.dll
0x000007fef7b20000 - 0x000007fef7b29000 	C:\Windows\system32\WSOCK32.dll
0x0000000002070000 - 0x00000000020bd000 	C:\Windows\system32\WS2_32.dll
0x000007fefe590000 - 0x000007fefe598000 	C:\Windows\system32\NSI.dll
0x000007fefb330000 - 0x000007fefb36b000 	C:\Windows\system32\WINMM.dll
0x000000005d8a0000 - 0x000000005d8af000 	C:\Program Files\Java\jdk1.8.0_31\jre\bin\verify.dll
0x000000005c180000 - 0x000000005c1a8000 	C:\Program Files\Java\jdk1.8.0_31\jre\bin\java.dll
0x000000005d620000 - 0x000000005d636000 	C:\Program Files\Java\jdk1.8.0_31\jre\bin\zip.dll
0x000007fefcbb0000 - 0x000007fefcbbf000 	C:\Windows\system32\profapi.dll
0x000007fefa280000 - 0x000007fefa3a5000 	C:\Windows\system32\dbghelp.dll

VM Arguments:
jvm_args: -Djava.awt.headless=true -Xmx1024M -Dfile.encoding=windows-1252 -Duser.country=US -Duser.language=en -Duser.variant 
java_command: com.android.dx.command.Main --dex --num-threads=4 --output C:\Users\pomboi\AndroidStudioProjects\Alarm\app\build\intermediates\pre-dexed\debug\internal_impl-23.1.1_1a12155a90a29c2eb3e757f0cd0d7ab09b21102c.jar C:\Users\pomboi\AndroidStudioProjects\Alarm\app\build\intermediates\exploded-aar\com.android.support\support-v4\23.1.1\jars\libs\internal_impl-23.1.1.jar
java_class_path (initial): C:\Users\pomboi\AppData\Local\Android\sdk1\build-tools\23.0.3\lib\dx.jar
Launcher Type: SUN_STANDARD

Environment Variables:
JAVA_HOME=C:\Program Files\Java\jdk1.8.0_31
PATH=C:\Program Files (x86)\Mozilla Firefox;C:\Program Files (x86)\Microsoft Office\Office15\;C:\Program Files\Common Files\Microsoft Shared\Windows Live;C:\Program Files (x86)\Common Files\Microsoft Shared\Windows Live;C:\ProgramData\Oracle\Java\javapath;C:\Windows\system32;C:\Windows;C:\Windows\System32\Wbem;C:\Program Files\Java\jdk1.8.0_65\bin;C:\Program Files (x86)\Windows Live\Shared;C:\Program Files (x86)\Google\Drive C:\Windows\system32;C:\Windows;C:\Windows\System32\Wbem;C:\adb;c:\Program Files (x86)\Microsoft SQL Server\100\Tools\Binn\;c:\Program Files\Microsoft SQL Server\100\Tools\Binn\;c:\Program Files\Microsoft SQL Server\100\DTS\Binn\;C:\Program Files (x86)\Google\Drive C:\Windows\system32;C:\Windows;C:\Windows\System32\Wbem
USERNAME=pomboi
OS=Windows_NT
PROCESSOR_IDENTIFIER=Intel64 Family 6 Model 60 Stepping 3, GenuineIntel



---------------  S Y S T E M  ---------------

OS: Windows 7 , 64 bit Build 7601 Service Pack 1

CPU:total 4 (2 cores per cpu, 2 threads per core) family 6 model 60 stepping 3, cmov, cx8, fxsr, mmx, sse, sse2, sse3, ssse3, sse4.1, sse4.2, popcnt, avx, avx2, aes, clmul, erms, lzcnt, ht, tsc, tscinvbit, bmi1, bmi2

Memory: 4k page, physical 8068824k(1113512k free), swap 8066964k(5032k free)

vm_info: Java HotSpot(TM) 64-Bit Server VM (25.31-b07) for windows-amd64 JRE (1.8.0_31-b13), built on Dec 17 2014 21:00:28 by "java_re" with MS VC++ 10.0 (VS2010)

time: Wed Feb 15 22:24:19 2017
elapsed time: 11 seconds (0d 0h 0m 11s)

