#
# There is insufficient memory for the Java Runtime Environment to continue.
# Native memory allocation (malloc) failed to allocate 32744 bytes for ChunkPool::allocate
# Possible reasons:
#   The system is out of physical RAM or swap space
#   In 32 bit mode, the process size limit was hit
# Possible solutions:
#   Reduce memory load on the system
#   Increase physical memory or swap space
#   Check if swap backing store is full
#   Use 64 bit Java on a 64 bit OS
#   Decrease Java heap size (-Xmx/-Xms)
#   Decrease number of Java threads
#   Decrease Java thread stack sizes (-Xss)
#   Set larger code cache with -XX:ReservedCodeCacheSize=
# This output file may be truncated or incomplete.
#
#  Out of Memory Error (allocation.cpp:273), pid=13548, tid=9852
#
# JRE version: Java(TM) SE Runtime Environment (8.0_31-b13) (build 1.8.0_31-b13)
# Java VM: Java HotSpot(TM) 64-Bit Server VM (25.31-b07 mixed mode windows-amd64 compressed oops)
# Failed to write core dump. Minidumps are not enabled by default on client versions of Windows
#

---------------  T H R E A D  ---------------

Current thread (0x0000000055e9c800):  JavaThread "C1 CompilerThread2" daemon [_thread_in_native, id=9852, stack(0x0000000057e60000,0x0000000057f60000)]

Stack: [0x0000000057e60000,0x0000000057f60000]
Native frames: (J=compiled Java code, j=interpreted, Vv=VM code, C=native code)
V  [jvm.dll+0x3169ba]


Current CompileTask:
C1:    713  111       3       sun.nio.cs.UTF_8$Decoder::decode (779 bytes)


---------------  P R O C E S S  ---------------

Java Threads: ( => current thread )
  0x0000000057acc800 JavaThread "Service Thread" daemon [_thread_blocked, id=5888, stack(0x0000000058000000,0x0000000058100000)]
=>0x0000000055e9c800 JavaThread "C1 CompilerThread2" daemon [_thread_in_native, id=9852, stack(0x0000000057e60000,0x0000000057f60000)]
  0x0000000055e9a000 JavaThread "C2 CompilerThread1" daemon [_thread_blocked, id=5204, stack(0x0000000057960000,0x0000000057a60000)]
  0x0000000055e95800 JavaThread "C2 CompilerThread0" daemon [_thread_blocked, id=6780, stack(0x0000000057850000,0x0000000057950000)]
  0x0000000055e92000 JavaThread "Attach Listener" daemon [_thread_blocked, id=12792, stack(0x00000000576a0000,0x00000000577a0000)]
  0x0000000055e90800 JavaThread "Signal Dispatcher" daemon [_thread_blocked, id=10968, stack(0x00000000574b0000,0x00000000575b0000)]
  0x0000000055e2f000 JavaThread "Finalizer" daemon [_thread_blocked, id=8416, stack(0x0000000057220000,0x0000000057320000)]
  0x0000000055e2b800 JavaThread "Reference Handler" daemon [_thread_blocked, id=12176, stack(0x0000000057010000,0x0000000057110000)]
  0x0000000002f2e800 JavaThread "main" [_thread_in_Java, id=15100, stack(0x0000000002fc0000,0x00000000030c0000)]

Other Threads:
  0x0000000055e28000 VMThread [stack: 0x0000000056e00000,0x0000000056f00000] [id=4916]
  0x0000000057acf800 WatcherThread [stack: 0x00000000581c0000,0x00000000582c0000] [id=7232]

VM state:not at safepoint (normal execution)

VM Mutex/Monitor currently owned by a thread: None

Heap:
 PSYoungGen      total 36864K, used 3174K [0x00000000eab00000, 0x00000000ed400000, 0x0000000100000000)
  eden space 31744K, 10% used [0x00000000eab00000,0x00000000eae19a98,0x00000000eca00000)
  from space 5120K, 0% used [0x00000000ecf00000,0x00000000ecf00000,0x00000000ed400000)
  to   space 5120K, 0% used [0x00000000eca00000,0x00000000eca00000,0x00000000ecf00000)
 ParOldGen       total 84992K, used 0K [0x00000000c0000000, 0x00000000c5300000, 0x00000000eab00000)
  object space 84992K, 0% used [0x00000000c0000000,0x00000000c0000000,0x00000000c5300000)
 Metaspace       used 3444K, capacity 4720K, committed 4864K, reserved 1056768K
  class space    used 375K, capacity 424K, committed 512K, reserved 1048576K

Card table byte_map: [0x00000000127f0000,0x0000000012a00000] byte_map_base: 0x00000000121f0000

Marking Bits: (ParMarkBitMap*) 0x000000007006d4f0
 Begin Bits: [0x00000000132a0000, 0x00000000142a0000)
 End Bits:   [0x00000000142a0000, 0x00000000152a0000)

Polling page: 0x0000000001d50000

CodeCache: size=245760Kb used=1253Kb max_used=1253Kb free=244506Kb
 bounds [0x0000000003430000, 0x00000000036a0000, 0x0000000012430000]
 total_blobs=348 nmethods=102 adapters=160
 compilation: enabled

Compilation events (10 events):
Event: 0.699 Thread 0x0000000055e9c800 nmethod 97 0x0000000003567bd0 code [0x0000000003567d20, 0x0000000003567e30]
Event: 0.699 Thread 0x0000000055e9c800   98       3       sun.util.calendar.Gregorian$Date::getNormalizedYear (5 bytes)
Event: 0.699 Thread 0x0000000055e9c800 nmethod 98 0x0000000003567e90 code [0x0000000003567fe0, 0x00000000035681d0]
Event: 0.699 Thread 0x0000000055e9c800   99       3       sun.util.calendar.BaseCalendar::isLeapYear (5 bytes)
Event: 0.700 Thread 0x0000000055e9c800 nmethod 99 0x0000000003568250 code [0x00000000035683c0, 0x00000000035686b0]
Event: 0.700 Thread 0x0000000055e9c800  100       3       sun.util.calendar.CalendarDate::setNormalized (6 bytes)
Event: 0.700 Thread 0x0000000055e9c800 nmethod 100 0x00000000035687d0 code [0x0000000003568920, 0x0000000003568a70]
Event: 0.701 Thread 0x0000000055e9c800  101       3       java.util.zip.ZipFile::access$400 (5 bytes)
Event: 0.701 Thread 0x0000000055e9c800 nmethod 101 0x0000000003568ad0 code [0x0000000003568c20, 0x0000000003568d50]
Event: 0.708 Thread 0x0000000055e9c800  111       3       sun.nio.cs.UTF_8$Decoder::decode (779 bytes)

GC Heap History (0 events):
No events

Deoptimization events (0 events):
No events

Internal exceptions (10 events):
Event: 0.544 Thread 0x0000000002f2e800 Exception <a 'java/security/PrivilegedActionException'> (0x00000000eacf0e08) thrown at [C:\workspace\8-2-build-windows-amd64-cygwin\jdk8u31\2394\hotspot\src\share\vm\prims\jvm.cpp, line 1312]
Event: 0.562 Thread 0x0000000002f2e800 Exception <a 'java/security/PrivilegedActionException'> (0x00000000eacf3050) thrown at [C:\workspace\8-2-build-windows-amd64-cygwin\jdk8u31\2394\hotspot\src\share\vm\prims\jvm.cpp, line 1312]
Event: 0.564 Thread 0x0000000002f2e800 Exception <a 'java/security/PrivilegedActionException'> (0x00000000eacf7e30) thrown at [C:\workspace\8-2-build-windows-amd64-cygwin\jdk8u31\2394\hotspot\src\share\vm\prims\jvm.cpp, line 1312]
Event: 0.565 Thread 0x0000000002f2e800 Exception <a 'java/security/PrivilegedActionException'> (0x00000000eacfc468) thrown at [C:\workspace\8-2-build-windows-amd64-cygwin\jdk8u31\2394\hotspot\src\share\vm\prims\jvm.cpp, line 1312]
Event: 0.566 Thread 0x0000000002f2e800 Exception <a 'java/security/PrivilegedActionException'> (0x00000000ead01060) thrown at [C:\workspace\8-2-build-windows-amd64-cygwin\jdk8u31\2394\hotspot\src\share\vm\prims\jvm.cpp, line 1312]
Event: 0.567 Thread 0x0000000002f2e800 Exception <a 'java/security/PrivilegedActionException'> (0x00000000ead05838) thrown at [C:\workspace\8-2-build-windows-amd64-cygwin\jdk8u31\2394\hotspot\src\share\vm\prims\jvm.cpp, line 1312]
Event: 0.572 Thread 0x0000000002f2e800 Exception <a 'java/security/PrivilegedActionException'> (0x00000000ead0f0f0) thrown at [C:\workspace\8-2-build-windows-amd64-cygwin\jdk8u31\2394\hotspot\src\share\vm\prims\jvm.cpp, line 1312]
Event: 0.573 Thread 0x0000000002f2e800 Exception <a 'java/security/PrivilegedActionException'> (0x00000000ead14ac8) thrown at [C:\workspace\8-2-build-windows-amd64-cygwin\jdk8u31\2394\hotspot\src\share\vm\prims\jvm.cpp, line 1312]
Event: 0.573 Thread 0x0000000002f2e800 Exception <a 'java/security/PrivilegedActionException'> (0x00000000ead16e18) thrown at [C:\workspace\8-2-build-windows-amd64-cygwin\jdk8u31\2394\hotspot\src\share\vm\prims\jvm.cpp, line 1312]
Event: 0.707 Thread 0x0000000002f2e800 Exception <a 'java/security/PrivilegedActionException'> (0x00000000ead50f70) thrown at [C:\workspace\8-2-build-windows-amd64-cygwin\jdk8u31\2394\hotspot\src\share\vm\prims\jvm.cpp, line 1312]

Events (10 events):
Event: 0.708 loading class java/util/regex/Pattern$SliceNode done
Event: 0.708 loading class java/util/regex/Pattern$Slice done
Event: 0.708 loading class java/util/regex/Pattern$BnM
Event: 0.708 loading class java/util/regex/Pattern$BnM done
Event: 0.708 loading class java/util/regex/Pattern$SliceS
Event: 0.708 loading class java/util/regex/Pattern$SliceS done
Event: 0.709 loading class java/util/regex/Matcher
Event: 0.709 loading class java/util/regex/MatchResult
Event: 0.709 loading class java/util/regex/MatchResult done
Event: 0.709 loading class java/util/regex/Matcher done


Dynamic libraries:
0x000000013f430000 - 0x000000013f464000 	C:\Program Files\Java\jdk1.8.0_31\bin\java.exe
0x0000000077490000 - 0x000000007763a000 	C:\Windows\SYSTEM32\ntdll.dll
0x0000000077270000 - 0x000000007738f000 	C:\Windows\system32\kernel32.dll
0x000007fefd1f0000 - 0x000007fefd25a000 	C:\Windows\system32\KERNELBASE.dll
0x000007feff400000 - 0x000007feff4db000 	C:\Windows\system32\ADVAPI32.dll
0x000007fefdc80000 - 0x000007fefdd1f000 	C:\Windows\system32\msvcrt.dll
0x000007fefee00000 - 0x000007fefee1f000 	C:\Windows\SYSTEM32\sechost.dll
0x000007feff670000 - 0x000007feff79d000 	C:\Windows\system32\RPCRT4.dll
0x0000000077390000 - 0x000000007748a000 	C:\Windows\system32\USER32.dll
0x000007fefdc10000 - 0x000007fefdc77000 	C:\Windows\system32\GDI32.dll
0x000007fefeb90000 - 0x000007fefeb9e000 	C:\Windows\system32\LPK.dll
0x000007fefda50000 - 0x000007fefdb1a000 	C:\Windows\system32\USP10.dll
0x000007fefbad0000 - 0x000007fefbcc4000 	C:\Windows\WinSxS\amd64_microsoft.windows.common-controls_6595b64144ccf1df_6.0.7601.18837_none_fa3b1e3d17594757\COMCTL32.dll
0x000007fefeba0000 - 0x000007fefec11000 	C:\Windows\system32\SHLWAPI.dll
0x000007feff100000 - 0x000007feff12e000 	C:\Windows\system32\IMM32.DLL
0x000007fefd800000 - 0x000007fefd909000 	C:\Windows\system32\MSCTF.dll
0x000007fefd110000 - 0x000007fefd127000 	C:\Windows\system32\AMINIT64.DLL
0x000007feee930000 - 0x000007feeeeb7000 	C:\Program Files\McAfee\DLP\Agent\fcagpph64.dll
0x000007fefa270000 - 0x000007fefa2e1000 	C:\Windows\system32\WINSPOOL.DRV
0x000007fefde00000 - 0x000007fefeb89000 	C:\Windows\system32\SHELL32.dll
0x000007fefd5f0000 - 0x000007fefd7f3000 	C:\Windows\system32\ole32.dll
0x000007fefdd20000 - 0x000007fefddfa000 	C:\Windows\system32\OLEAUT32.dll
0x0000000077650000 - 0x0000000077657000 	C:\Windows\system32\PSAPI.DLL
0x000007fefc210000 - 0x000007fefc21c000 	C:\Windows\system32\VERSION.dll
0x000007feee3e0000 - 0x000007feee926000 	C:\Program Files\McAfee\DLP\Agent\fcagcbh64.dll
0x00000000794a0000 - 0x0000000079572000 	C:\Program Files\Java\jdk1.8.0_31\jre\bin\msvcr100.dll
0x000000006f890000 - 0x00000000700ea000 	C:\Program Files\Java\jdk1.8.0_31\jre\bin\server\jvm.dll
0x000007fef8cb0000 - 0x000007fef8cb9000 	C:\Windows\system32\WSOCK32.dll
0x0000000001e60000 - 0x0000000001ead000 	C:\Windows\system32\WS2_32.dll
0x000007fefd580000 - 0x000007fefd588000 	C:\Windows\system32\NSI.dll
0x000007fefbd00000 - 0x000007fefbd3b000 	C:\Windows\system32\WINMM.dll
0x0000000065d90000 - 0x0000000065d9f000 	C:\Program Files\Java\jdk1.8.0_31\jre\bin\verify.dll
0x0000000062ca0000 - 0x0000000062cc8000 	C:\Program Files\Java\jdk1.8.0_31\jre\bin\java.dll
0x000000005b1c0000 - 0x000000005b1d6000 	C:\Program Files\Java\jdk1.8.0_31\jre\bin\zip.dll
0x000007fefd1c0000 - 0x000007fefd1cf000 	C:\Windows\system32\profapi.dll

VM Arguments:
jvm_args: -Djava.awt.headless=true -Xmx1024M -Dfile.encoding=windows-1252 -Duser.country=US -Duser.language=en -Duser.variant 
java_command: com.android.dx.command.Main --dex --num-threads=4 --output C:\Users\pomboi\AndroidStudioProjects\Alarm\app\build\intermediates\pre-dexed\debug\internal_impl-23.1.1_1a12155a90a29c2eb3e757f0cd0d7ab09b21102c.jar C:\Users\pomboi\AndroidStudioProjects\Alarm\app\build\intermediates\exploded-aar\com.android.support\support-v4\23.1.1\jars\libs\internal_impl-23.1.1.jar
java_class_path (initial): C:\Users\pomboi\AppData\Local\Android\sdk1\build-tools\23.0.3\lib\dx.jar
Launcher Type: SUN_STANDARD

Environment Variables:
JAVA_HOME=C:\Program Files\Java\jdk1.8.0_31
PATH=C:\Program Files (x86)\Mozilla Firefox;C:\Program Files (x86)\Microsoft Office\Office15\;C:\Program Files\Common Files\Microsoft Shared\Windows Live;C:\Program Files (x86)\Common Files\Microsoft Shared\Windows Live;C:\ProgramData\Oracle\Java\javapath;C:\Windows\system32;C:\Windows;C:\Windows\System32\Wbem;C:\Program Files\Java\jdk1.8.0_65\bin;C:\Program Files (x86)\Windows Live\Shared;C:\Program Files (x86)\Google\Drive C:\Windows\system32;C:\Windows;C:\Windows\System32\Wbem;C:\adb;c:\Program Files (x86)\Microsoft SQL Server\100\Tools\Binn\;c:\Program Files\Microsoft SQL Server\100\Tools\Binn\;c:\Program Files\Microsoft SQL Server\100\DTS\Binn\;C:\Program Files (x86)\Google\Drive C:\Windows\system32;C:\Windows;C:\Windows\System32\Wbem
USERNAME=pomboi
OS=Windows_NT
PROCESSOR_IDENTIFIER=Intel64 Family 6 Model 60 Stepping 3, GenuineIntel



---------------  S Y S T E M  ---------------

OS: Windows 7 , 64 bit Build 7601 Service Pack 1

CPU:total 4 (2 cores per cpu, 2 threads per core) family 6 model 60 stepping 3, cmov, cx8, fxsr, mmx, sse, sse2, sse3, ssse3, sse4.1, sse4.2, popcnt, avx, avx2, aes, clmul, erms, lzcnt, ht, tsc, tscinvbit, bmi1, bmi2

Memory: 4k page, physical 8068824k(1338508k free), swap 8066964k(3172k free)

vm_info: Java HotSpot(TM) 64-Bit Server VM (25.31-b07) for windows-amd64 JRE (1.8.0_31-b13), built on Dec 17 2014 21:00:28 by "java_re" with MS VC++ 10.0 (VS2010)

time: Tue Feb 28 22:13:09 2017
elapsed time: 0 seconds (0d 0h 0m 0s)

